{"/Users/maggieaytac/Documents/HACKREACTOR/project-catwalk/sum.js": {"path":"/Users/maggieaytac/Documents/HACKREACTOR/project-catwalk/sum.js","statementMap":{"0":{"start":{"line":2,"column":2},"end":{"line":2,"column":15}},"1":{"start":{"line":4,"column":0},"end":{"line":4,"column":21}}},"fnMap":{"0":{"name":"sum","decl":{"start":{"line":1,"column":9},"end":{"line":1,"column":12}},"loc":{"start":{"line":1,"column":19},"end":{"line":3,"column":1}},"line":1}},"branchMap":{},"s":{"0":1,"1":1},"f":{"0":1},"b":{},"_coverageSchema":"1a1c01bbd47fc00a2c39e90264f33305004495a9","hash":"b51c0203f10c54f49ba9363dd5bebe708f247332"}
,"/Users/maggieaytac/Documents/HACKREACTOR/project-catwalk/client/src/app.jsx": {"path":"/Users/maggieaytac/Documents/HACKREACTOR/project-catwalk/client/src/app.jsx","statementMap":{"0":{"start":{"line":13,"column":4},"end":{"line":13,"column":17}},"1":{"start":{"line":14,"column":4},"end":{"line":19,"column":6}},"2":{"start":{"line":20,"column":4},"end":{"line":20,"column":69}},"3":{"start":{"line":21,"column":4},"end":{"line":21,"column":61}},"4":{"start":{"line":22,"column":4},"end":{"line":22,"column":67}},"5":{"start":{"line":23,"column":4},"end":{"line":23,"column":51}},"6":{"start":{"line":27,"column":4},"end":{"line":27,"column":25}},"7":{"start":{"line":33,"column":4},"end":{"line":33,"column":37}},"8":{"start":{"line":37,"column":4},"end":{"line":37,"column":33}},"9":{"start":{"line":38,"column":4},"end":{"line":38,"column":37}},"10":{"start":{"line":42,"column":4},"end":{"line":42,"column":34}},"11":{"start":{"line":46,"column":4},"end":{"line":54,"column":7}},"12":{"start":{"line":47,"column":22},"end":{"line":47,"column":23}},"13":{"start":{"line":48,"column":6},"end":{"line":50,"column":7}},"14":{"start":{"line":49,"column":8},"end":{"line":49,"column":51}},"15":{"start":{"line":51,"column":6},"end":{"line":53,"column":9}},"16":{"start":{"line":58,"column":4},"end":{"line":62,"column":45}},"17":{"start":{"line":61,"column":6},"end":{"line":61,"column":27}},"18":{"start":{"line":62,"column":20},"end":{"line":62,"column":43}},"19":{"start":{"line":66,"column":49},"end":{"line":66,"column":59}},"20":{"start":{"line":67,"column":4},"end":{"line":89,"column":6}}},"fnMap":{"0":{"name":"(anonymous_0)","decl":{"start":{"line":12,"column":2},"end":{"line":12,"column":3}},"loc":{"start":{"line":12,"column":21},"end":{"line":24,"column":3}},"line":12},"1":{"name":"(anonymous_1)","decl":{"start":{"line":26,"column":2},"end":{"line":26,"column":3}},"loc":{"start":{"line":26,"column":22},"end":{"line":30,"column":3}},"line":26},"2":{"name":"(anonymous_2)","decl":{"start":{"line":32,"column":2},"end":{"line":32,"column":3}},"loc":{"start":{"line":32,"column":37},"end":{"line":34,"column":3}},"line":32},"3":{"name":"(anonymous_3)","decl":{"start":{"line":36,"column":2},"end":{"line":36,"column":3}},"loc":{"start":{"line":36,"column":34},"end":{"line":39,"column":3}},"line":36},"4":{"name":"(anonymous_4)","decl":{"start":{"line":41,"column":2},"end":{"line":41,"column":3}},"loc":{"start":{"line":41,"column":31},"end":{"line":43,"column":3}},"line":41},"5":{"name":"(anonymous_5)","decl":{"start":{"line":45,"column":2},"end":{"line":45,"column":3}},"loc":{"start":{"line":45,"column":18},"end":{"line":55,"column":3}},"line":45},"6":{"name":"(anonymous_6)","decl":{"start":{"line":46,"column":31},"end":{"line":46,"column":32}},"loc":{"start":{"line":46,"column":41},"end":{"line":54,"column":5}},"line":46},"7":{"name":"(anonymous_7)","decl":{"start":{"line":57,"column":2},"end":{"line":57,"column":3}},"loc":{"start":{"line":57,"column":21},"end":{"line":63,"column":3}},"line":57},"8":{"name":"(anonymous_8)","decl":{"start":{"line":60,"column":12},"end":{"line":60,"column":13}},"loc":{"start":{"line":60,"column":18},"end":{"line":62,"column":5}},"line":60},"9":{"name":"(anonymous_9)","decl":{"start":{"line":62,"column":13},"end":{"line":62,"column":14}},"loc":{"start":{"line":62,"column":20},"end":{"line":62,"column":43}},"line":62},"10":{"name":"(anonymous_10)","decl":{"start":{"line":65,"column":2},"end":{"line":65,"column":3}},"loc":{"start":{"line":65,"column":11},"end":{"line":90,"column":3}},"line":65}},"branchMap":{},"s":{"0":1,"1":1,"2":1,"3":1,"4":1,"5":1,"6":1,"7":0,"8":0,"9":0,"10":0,"11":1,"12":0,"13":0,"14":0,"15":0,"16":0,"17":0,"18":0,"19":1,"20":1},"f":{"0":1,"1":1,"2":0,"3":0,"4":0,"5":1,"6":0,"7":0,"8":0,"9":0,"10":1},"b":{},"_coverageSchema":"1a1c01bbd47fc00a2c39e90264f33305004495a9","hash":"7c6f267213f8cb07571cee8b10e0fb40ba07229b"}
,"/Users/maggieaytac/Documents/HACKREACTOR/project-catwalk/client/src/components/Stars.jsx": {"path":"/Users/maggieaytac/Documents/HACKREACTOR/project-catwalk/client/src/components/Stars.jsx","statementMap":{"0":{"start":{"line":4,"column":14},"end":{"line":34,"column":1}},"1":{"start":{"line":5,"column":25},"end":{"line":5,"column":45}},"2":{"start":{"line":6,"column":18},"end":{"line":6,"column":70}},"3":{"start":{"line":7,"column":22},"end":{"line":7,"column":46}},"4":{"start":{"line":8,"column":22},"end":{"line":8,"column":23}},"5":{"start":{"line":9,"column":16},"end":{"line":9,"column":18}},"6":{"start":{"line":10,"column":2},"end":{"line":12,"column":3}},"7":{"start":{"line":10,"column":15},"end":{"line":10,"column":16}},"8":{"start":{"line":11,"column":4},"end":{"line":11,"column":39}},"9":{"start":{"line":13,"column":2},"end":{"line":24,"column":3}},"10":{"start":{"line":14,"column":4},"end":{"line":14,"column":39}},"11":{"start":{"line":16,"column":4},"end":{"line":16,"column":43}},"12":{"start":{"line":17,"column":4},"end":{"line":23,"column":5}},"13":{"start":{"line":18,"column":6},"end":{"line":18,"column":42}},"14":{"start":{"line":19,"column":11},"end":{"line":23,"column":5}},"15":{"start":{"line":20,"column":6},"end":{"line":20,"column":39}},"16":{"start":{"line":21,"column":11},"end":{"line":23,"column":5}},"17":{"start":{"line":22,"column":6},"end":{"line":22,"column":47}},"18":{"start":{"line":25,"column":2},"end":{"line":27,"column":3}},"19":{"start":{"line":25,"column":15},"end":{"line":25,"column":16}},"20":{"start":{"line":26,"column":4},"end":{"line":26,"column":38}},"21":{"start":{"line":29,"column":2},"end":{"line":33,"column":4}},"22":{"start":{"line":31,"column":38},"end":{"line":31,"column":137}}},"fnMap":{"0":{"name":"(anonymous_0)","decl":{"start":{"line":4,"column":14},"end":{"line":4,"column":15}},"loc":{"start":{"line":4,"column":55},"end":{"line":34,"column":1}},"line":4},"1":{"name":"(anonymous_1)","decl":{"start":{"line":31,"column":17},"end":{"line":31,"column":18}},"loc":{"start":{"line":31,"column":38},"end":{"line":31,"column":137}},"line":31}},"branchMap":{"0":{"loc":{"start":{"line":13,"column":2},"end":{"line":24,"column":3}},"type":"if","locations":[{"start":{"line":13,"column":2},"end":{"line":24,"column":3}},{"start":{"line":13,"column":2},"end":{"line":24,"column":3}}],"line":13},"1":{"loc":{"start":{"line":17,"column":4},"end":{"line":23,"column":5}},"type":"if","locations":[{"start":{"line":17,"column":4},"end":{"line":23,"column":5}},{"start":{"line":17,"column":4},"end":{"line":23,"column":5}}],"line":17},"2":{"loc":{"start":{"line":19,"column":11},"end":{"line":23,"column":5}},"type":"if","locations":[{"start":{"line":19,"column":11},"end":{"line":23,"column":5}},{"start":{"line":19,"column":11},"end":{"line":23,"column":5}}],"line":19},"3":{"loc":{"start":{"line":21,"column":11},"end":{"line":23,"column":5}},"type":"if","locations":[{"start":{"line":21,"column":11},"end":{"line":23,"column":5}},{"start":{"line":21,"column":11},"end":{"line":23,"column":5}}],"line":21},"4":{"loc":{"start":{"line":31,"column":66},"end":{"line":31,"column":98}},"type":"binary-expr","locations":[{"start":{"line":31,"column":66},"end":{"line":31,"column":77}},{"start":{"line":31,"column":81},"end":{"line":31,"column":98}}],"line":31}},"s":{"0":5,"1":1,"2":1,"3":1,"4":1,"5":1,"6":1,"7":1,"8":4,"9":1,"10":1,"11":0,"12":0,"13":0,"14":0,"15":0,"16":0,"17":0,"18":1,"19":1,"20":1,"21":1,"22":5},"f":{"0":1,"1":5},"b":{"0":[1,0],"1":[0,0],"2":[0,0],"3":[0,0],"4":[5,0]},"_coverageSchema":"1a1c01bbd47fc00a2c39e90264f33305004495a9","hash":"5529ca75af55127f6d8fe9d04143c891573f67ea"}
,"/Users/maggieaytac/Documents/HACKREACTOR/project-catwalk/client/src/components/footer/footer.jsx": {"path":"/Users/maggieaytac/Documents/HACKREACTOR/project-catwalk/client/src/components/footer/footer.jsx","statementMap":{"0":{"start":{"line":4,"column":15},"end":{"line":10,"column":1}},"1":{"start":{"line":5,"column":2},"end":{"line":9,"column":3}}},"fnMap":{"0":{"name":"(anonymous_0)","decl":{"start":{"line":4,"column":15},"end":{"line":4,"column":16}},"loc":{"start":{"line":4,"column":21},"end":{"line":10,"column":1}},"line":4}},"branchMap":{},"s":{"0":1,"1":0},"f":{"0":0},"b":{},"_coverageSchema":"1a1c01bbd47fc00a2c39e90264f33305004495a9","hash":"91cdb77fea98fe9785916c3d5c08fc509a1ac31c"}
,"/Users/maggieaytac/Documents/HACKREACTOR/project-catwalk/client/src/components/header/Header.jsx": {"path":"/Users/maggieaytac/Documents/HACKREACTOR/project-catwalk/client/src/components/header/Header.jsx","statementMap":{"0":{"start":{"line":4,"column":15},"end":{"line":12,"column":1}},"1":{"start":{"line":5,"column":2},"end":{"line":11,"column":8}}},"fnMap":{"0":{"name":"(anonymous_0)","decl":{"start":{"line":4,"column":15},"end":{"line":4,"column":16}},"loc":{"start":{"line":5,"column":2},"end":{"line":11,"column":8}},"line":5}},"branchMap":{},"s":{"0":1,"1":0},"f":{"0":0},"b":{},"_coverageSchema":"1a1c01bbd47fc00a2c39e90264f33305004495a9","hash":"a53771c983f72a07bbba776f5ee001bd293c4b9f"}
,"/Users/maggieaytac/Documents/HACKREACTOR/project-catwalk/client/src/components/overview/Overview.jsx": {"path":"/Users/maggieaytac/Documents/HACKREACTOR/project-catwalk/client/src/components/overview/Overview.jsx","statementMap":{"0":{"start":{"line":17,"column":4},"end":{"line":17,"column":12}},"1":{"start":{"line":18,"column":4},"end":{"line":33,"column":6}},"2":{"start":{"line":34,"column":4},"end":{"line":34,"column":57}},"3":{"start":{"line":35,"column":4},"end":{"line":35,"column":61}},"4":{"start":{"line":36,"column":4},"end":{"line":36,"column":57}},"5":{"start":{"line":37,"column":4},"end":{"line":37,"column":61}},"6":{"start":{"line":38,"column":4},"end":{"line":38,"column":53}},"7":{"start":{"line":39,"column":4},"end":{"line":39,"column":45}},"8":{"start":{"line":40,"column":4},"end":{"line":40,"column":47}},"9":{"start":{"line":41,"column":4},"end":{"line":41,"column":55}},"10":{"start":{"line":45,"column":26},"end":{"line":45,"column":36}},"11":{"start":{"line":46,"column":4},"end":{"line":46,"column":35}},"12":{"start":{"line":47,"column":4},"end":{"line":47,"column":37}},"13":{"start":{"line":48,"column":4},"end":{"line":48,"column":35}},"14":{"start":{"line":49,"column":4},"end":{"line":49,"column":37}},"15":{"start":{"line":53,"column":26},"end":{"line":53,"column":36}},"16":{"start":{"line":54,"column":4},"end":{"line":59,"column":5}},"17":{"start":{"line":55,"column":6},"end":{"line":55,"column":37}},"18":{"start":{"line":56,"column":6},"end":{"line":56,"column":39}},"19":{"start":{"line":57,"column":6},"end":{"line":57,"column":37}},"20":{"start":{"line":58,"column":6},"end":{"line":58,"column":39}},"21":{"start":{"line":63,"column":4},"end":{"line":72,"column":47}},"22":{"start":{"line":64,"column":6},"end":{"line":70,"column":9}},"23":{"start":{"line":72,"column":22},"end":{"line":72,"column":45}},"24":{"start":{"line":76,"column":4},"end":{"line":82,"column":47}},"25":{"start":{"line":77,"column":6},"end":{"line":79,"column":9}},"26":{"start":{"line":80,"column":6},"end":{"line":80,"column":26}},"27":{"start":{"line":82,"column":22},"end":{"line":82,"column":45}},"28":{"start":{"line":86,"column":4},"end":{"line":95,"column":47}},"29":{"start":{"line":87,"column":24},"end":{"line":87,"column":25}},"30":{"start":{"line":88,"column":6},"end":{"line":90,"column":7}},"31":{"start":{"line":89,"column":8},"end":{"line":89,"column":59}},"32":{"start":{"line":91,"column":6},"end":{"line":93,"column":9}},"33":{"start":{"line":95,"column":22},"end":{"line":95,"column":45}},"34":{"start":{"line":99,"column":4},"end":{"line":110,"column":47}},"35":{"start":{"line":100,"column":22},"end":{"line":100,"column":23}},"36":{"start":{"line":101,"column":18},"end":{"line":101,"column":19}},"37":{"start":{"line":102,"column":6},"end":{"line":105,"column":7}},"38":{"start":{"line":103,"column":8},"end":{"line":103,"column":54}},"39":{"start":{"line":104,"column":8},"end":{"line":104,"column":49}},"40":{"start":{"line":106,"column":6},"end":{"line":108,"column":9}},"41":{"start":{"line":110,"column":22},"end":{"line":110,"column":45}},"42":{"start":{"line":114,"column":4},"end":{"line":117,"column":7}},"43":{"start":{"line":121,"column":4},"end":{"line":123,"column":7}},"44":{"start":{"line":127,"column":4},"end":{"line":137,"column":5}},"45":{"start":{"line":127,"column":17},"end":{"line":127,"column":18}},"46":{"start":{"line":128,"column":6},"end":{"line":136,"column":7}},"47":{"start":{"line":129,"column":8},"end":{"line":133,"column":11}},"48":{"start":{"line":134,"column":8},"end":{"line":134,"column":42}},"49":{"start":{"line":135,"column":8},"end":{"line":135,"column":43}},"50":{"start":{"line":141,"column":20},"end":{"line":154,"column":6}},"51":{"start":{"line":142,"column":6},"end":{"line":142,"column":41}},"52":{"start":{"line":143,"column":6},"end":{"line":146,"column":9}},"53":{"start":{"line":147,"column":6},"end":{"line":147,"column":16}},"54":{"start":{"line":149,"column":6},"end":{"line":149,"column":22}},"55":{"start":{"line":150,"column":6},"end":{"line":150,"column":23}},"56":{"start":{"line":151,"column":6},"end":{"line":153,"column":9}},"57":{"start":{"line":173,"column":8},"end":{"line":173,"column":18}},"58":{"start":{"line":175,"column":28},"end":{"line":175,"column":38}},"59":{"start":{"line":176,"column":23},"end":{"line":176,"column":55}},"60":{"start":{"line":178,"column":4},"end":{"line":228,"column":6}}},"fnMap":{"0":{"name":"(anonymous_0)","decl":{"start":{"line":16,"column":2},"end":{"line":16,"column":3}},"loc":{"start":{"line":16,"column":16},"end":{"line":42,"column":3}},"line":16},"1":{"name":"(anonymous_1)","decl":{"start":{"line":44,"column":2},"end":{"line":44,"column":3}},"loc":{"start":{"line":44,"column":22},"end":{"line":50,"column":3}},"line":44},"2":{"name":"(anonymous_2)","decl":{"start":{"line":52,"column":2},"end":{"line":52,"column":3}},"loc":{"start":{"line":52,"column":32},"end":{"line":60,"column":3}},"line":52},"3":{"name":"(anonymous_3)","decl":{"start":{"line":62,"column":2},"end":{"line":62,"column":3}},"loc":{"start":{"line":62,"column":28},"end":{"line":73,"column":3}},"line":62},"4":{"name":"(anonymous_4)","decl":{"start":{"line":63,"column":49},"end":{"line":63,"column":50}},"loc":{"start":{"line":63,"column":59},"end":{"line":71,"column":5}},"line":63},"5":{"name":"(anonymous_5)","decl":{"start":{"line":72,"column":13},"end":{"line":72,"column":14}},"loc":{"start":{"line":72,"column":22},"end":{"line":72,"column":45}},"line":72},"6":{"name":"(anonymous_6)","decl":{"start":{"line":75,"column":2},"end":{"line":75,"column":3}},"loc":{"start":{"line":75,"column":30},"end":{"line":83,"column":3}},"line":75},"7":{"name":"(anonymous_7)","decl":{"start":{"line":76,"column":56},"end":{"line":76,"column":57}},"loc":{"start":{"line":76,"column":66},"end":{"line":81,"column":5}},"line":76},"8":{"name":"(anonymous_8)","decl":{"start":{"line":82,"column":13},"end":{"line":82,"column":14}},"loc":{"start":{"line":82,"column":22},"end":{"line":82,"column":45}},"line":82},"9":{"name":"(anonymous_9)","decl":{"start":{"line":85,"column":2},"end":{"line":85,"column":3}},"loc":{"start":{"line":85,"column":28},"end":{"line":96,"column":3}},"line":85},"10":{"name":"(anonymous_10)","decl":{"start":{"line":86,"column":53},"end":{"line":86,"column":54}},"loc":{"start":{"line":86,"column":63},"end":{"line":94,"column":5}},"line":86},"11":{"name":"(anonymous_11)","decl":{"start":{"line":95,"column":13},"end":{"line":95,"column":14}},"loc":{"start":{"line":95,"column":22},"end":{"line":95,"column":45}},"line":95},"12":{"name":"(anonymous_12)","decl":{"start":{"line":98,"column":2},"end":{"line":98,"column":3}},"loc":{"start":{"line":98,"column":30},"end":{"line":111,"column":3}},"line":98},"13":{"name":"(anonymous_13)","decl":{"start":{"line":99,"column":53},"end":{"line":99,"column":54}},"loc":{"start":{"line":99,"column":63},"end":{"line":109,"column":5}},"line":99},"14":{"name":"(anonymous_14)","decl":{"start":{"line":110,"column":13},"end":{"line":110,"column":14}},"loc":{"start":{"line":110,"column":22},"end":{"line":110,"column":45}},"line":110},"15":{"name":"(anonymous_15)","decl":{"start":{"line":113,"column":2},"end":{"line":113,"column":3}},"loc":{"start":{"line":113,"column":13},"end":{"line":118,"column":3}},"line":113},"16":{"name":"(anonymous_16)","decl":{"start":{"line":120,"column":2},"end":{"line":120,"column":3}},"loc":{"start":{"line":120,"column":14},"end":{"line":124,"column":3}},"line":120},"17":{"name":"(anonymous_17)","decl":{"start":{"line":126,"column":2},"end":{"line":126,"column":3}},"loc":{"start":{"line":126,"column":17},"end":{"line":138,"column":3}},"line":126},"18":{"name":"(anonymous_18)","decl":{"start":{"line":140,"column":2},"end":{"line":140,"column":3}},"loc":{"start":{"line":140,"column":27},"end":{"line":155,"column":3}},"line":140},"19":{"name":"(anonymous_19)","decl":{"start":{"line":141,"column":32},"end":{"line":141,"column":33}},"loc":{"start":{"line":141,"column":45},"end":{"line":148,"column":5}},"line":141},"20":{"name":"(anonymous_20)","decl":{"start":{"line":148,"column":12},"end":{"line":148,"column":13}},"loc":{"start":{"line":148,"column":18},"end":{"line":154,"column":5}},"line":148},"21":{"name":"(anonymous_21)","decl":{"start":{"line":157,"column":2},"end":{"line":157,"column":3}},"loc":{"start":{"line":157,"column":11},"end":{"line":229,"column":3}},"line":157}},"branchMap":{"0":{"loc":{"start":{"line":54,"column":4},"end":{"line":59,"column":5}},"type":"if","locations":[{"start":{"line":54,"column":4},"end":{"line":59,"column":5}},{"start":{"line":54,"column":4},"end":{"line":59,"column":5}}],"line":54},"1":{"loc":{"start":{"line":128,"column":6},"end":{"line":136,"column":7}},"type":"if","locations":[{"start":{"line":128,"column":6},"end":{"line":136,"column":7}},{"start":{"line":128,"column":6},"end":{"line":136,"column":7}}],"line":128},"2":{"loc":{"start":{"line":176,"column":23},"end":{"line":176,"column":55}},"type":"cond-expr","locations":[{"start":{"line":176,"column":37},"end":{"line":176,"column":50}},{"start":{"line":176,"column":53},"end":{"line":176,"column":55}}],"line":176},"3":{"loc":{"start":{"line":208,"column":14},"end":{"line":214,"column":15}},"type":"binary-expr","locations":[{"start":{"line":208,"column":14},"end":{"line":208,"column":29}},{"start":{"line":210,"column":14},"end":{"line":213,"column":16}}],"line":208}},"s":{"0":1,"1":1,"2":1,"3":1,"4":1,"5":1,"6":1,"7":1,"8":1,"9":1,"10":1,"11":1,"12":1,"13":1,"14":1,"15":0,"16":0,"17":0,"18":0,"19":0,"20":0,"21":1,"22":0,"23":0,"24":1,"25":0,"26":0,"27":0,"28":1,"29":0,"30":0,"31":0,"32":0,"33":0,"34":1,"35":0,"36":0,"37":0,"38":0,"39":0,"40":0,"41":0,"42":0,"43":0,"44":0,"45":0,"46":0,"47":0,"48":0,"49":0,"50":0,"51":0,"52":0,"53":0,"54":0,"55":0,"56":0,"57":1,"58":1,"59":1,"60":1},"f":{"0":1,"1":1,"2":0,"3":1,"4":0,"5":0,"6":1,"7":0,"8":0,"9":1,"10":0,"11":0,"12":1,"13":0,"14":0,"15":0,"16":0,"17":0,"18":0,"19":0,"20":0,"21":1},"b":{"0":[0,0],"1":[0,0],"2":[1,0],"3":[1,0]},"_coverageSchema":"1a1c01bbd47fc00a2c39e90264f33305004495a9","hash":"ac957da98e86b86dca7188ed536104e99a8e14fe"}
,"/Users/maggieaytac/Documents/HACKREACTOR/project-catwalk/client/src/components/overview/AddToCart/AddToCart.jsx": {"path":"/Users/maggieaytac/Documents/HACKREACTOR/project-catwalk/client/src/components/overview/AddToCart/AddToCart.jsx","statementMap":{"0":{"start":{"line":8,"column":4},"end":{"line":8,"column":17}},"1":{"start":{"line":9,"column":4},"end":{"line":15,"column":6}},"2":{"start":{"line":16,"column":4},"end":{"line":16,"column":47}},"3":{"start":{"line":17,"column":4},"end":{"line":17,"column":57}},"4":{"start":{"line":18,"column":4},"end":{"line":18,"column":47}},"5":{"start":{"line":22,"column":4},"end":{"line":22,"column":51}},"6":{"start":{"line":26,"column":4},"end":{"line":26,"column":40}},"7":{"start":{"line":30,"column":4},"end":{"line":41,"column":5}},"8":{"start":{"line":31,"column":6},"end":{"line":33,"column":9}},"9":{"start":{"line":35,"column":6},"end":{"line":35,"column":52}},"10":{"start":{"line":36,"column":6},"end":{"line":40,"column":9}},"11":{"start":{"line":45,"column":32},"end":{"line":45,"column":42}},"12":{"start":{"line":46,"column":53},"end":{"line":46,"column":63}},"13":{"start":{"line":48,"column":4},"end":{"line":79,"column":6}}},"fnMap":{"0":{"name":"(anonymous_0)","decl":{"start":{"line":7,"column":2},"end":{"line":7,"column":3}},"loc":{"start":{"line":7,"column":21},"end":{"line":19,"column":3}},"line":7},"1":{"name":"(anonymous_1)","decl":{"start":{"line":21,"column":2},"end":{"line":21,"column":3}},"loc":{"start":{"line":21,"column":24},"end":{"line":23,"column":3}},"line":21},"2":{"name":"(anonymous_2)","decl":{"start":{"line":25,"column":2},"end":{"line":25,"column":3}},"loc":{"start":{"line":25,"column":35},"end":{"line":27,"column":3}},"line":25},"3":{"name":"(anonymous_3)","decl":{"start":{"line":29,"column":2},"end":{"line":29,"column":3}},"loc":{"start":{"line":29,"column":14},"end":{"line":42,"column":3}},"line":29},"4":{"name":"(anonymous_4)","decl":{"start":{"line":44,"column":2},"end":{"line":44,"column":3}},"loc":{"start":{"line":44,"column":11},"end":{"line":80,"column":3}},"line":44}},"branchMap":{"0":{"loc":{"start":{"line":10,"column":18},"end":{"line":11,"column":57}},"type":"cond-expr","locations":[{"start":{"line":11,"column":10},"end":{"line":11,"column":52}},{"start":{"line":11,"column":55},"end":{"line":11,"column":57}}],"line":10},"1":{"loc":{"start":{"line":30,"column":4},"end":{"line":41,"column":5}},"type":"if","locations":[{"start":{"line":30,"column":4},"end":{"line":41,"column":5}},{"start":{"line":30,"column":4},"end":{"line":41,"column":5}}],"line":30},"2":{"loc":{"start":{"line":51,"column":16},"end":{"line":52,"column":39}},"type":"cond-expr","locations":[{"start":{"line":52,"column":14},"end":{"line":52,"column":34}},{"start":{"line":52,"column":37},"end":{"line":52,"column":39}}],"line":51},"3":{"loc":{"start":{"line":58,"column":21},"end":{"line":60,"column":32}},"type":"cond-expr","locations":[{"start":{"line":59,"column":14},"end":{"line":59,"column":32}},{"start":{"line":60,"column":14},"end":{"line":60,"column":32}}],"line":58},"4":{"loc":{"start":{"line":66,"column":21},"end":{"line":68,"column":60}},"type":"cond-expr","locations":[{"start":{"line":68,"column":14},"end":{"line":68,"column":55}},{"start":{"line":68,"column":58},"end":{"line":68,"column":60}}],"line":66},"5":{"loc":{"start":{"line":66,"column":21},"end":{"line":67,"column":45}},"type":"binary-expr","locations":[{"start":{"line":66,"column":21},"end":{"line":66,"column":31}},{"start":{"line":66,"column":35},"end":{"line":66,"column":55}},{"start":{"line":67,"column":13},"end":{"line":67,"column":45}}],"line":66}},"s":{"0":1,"1":1,"2":1,"3":1,"4":1,"5":0,"6":0,"7":2,"8":2,"9":0,"10":0,"11":3,"12":3,"13":3},"f":{"0":1,"1":0,"2":0,"3":2,"4":3},"b":{"0":[0,1],"1":[2,0],"2":[0,3],"3":[2,1],"4":[0,3],"5":[3,0,0]},"_coverageSchema":"1a1c01bbd47fc00a2c39e90264f33305004495a9","hash":"4c995aa0982df30bef28d83ac8be47fb8a2ccb6d"}
,"/Users/maggieaytac/Documents/HACKREACTOR/project-catwalk/client/src/components/overview/AddToCart/Quantity/Quantity.jsx": {"path":"/Users/maggieaytac/Documents/HACKREACTOR/project-catwalk/client/src/components/overview/AddToCart/Quantity/Quantity.jsx","statementMap":{"0":{"start":{"line":5,"column":17},"end":{"line":20,"column":1}},"1":{"start":{"line":6,"column":19},"end":{"line":6,"column":92}},"2":{"start":{"line":6,"column":86},"end":{"line":6,"column":91}},"3":{"start":{"line":7,"column":23},"end":{"line":7,"column":99}},"4":{"start":{"line":7,"column":52},"end":{"line":7,"column":98}},"5":{"start":{"line":9,"column":2},"end":{"line":19,"column":4}}},"fnMap":{"0":{"name":"(anonymous_0)","decl":{"start":{"line":5,"column":17},"end":{"line":5,"column":18}},"loc":{"start":{"line":5,"column":36},"end":{"line":20,"column":1}},"line":5},"1":{"name":"(anonymous_1)","decl":{"start":{"line":6,"column":76},"end":{"line":6,"column":77}},"loc":{"start":{"line":6,"column":86},"end":{"line":6,"column":91}},"line":6},"2":{"name":"(anonymous_2)","decl":{"start":{"line":7,"column":36},"end":{"line":7,"column":37}},"loc":{"start":{"line":7,"column":52},"end":{"line":7,"column":98}},"line":7}},"branchMap":{"0":{"loc":{"start":{"line":6,"column":40},"end":{"line":6,"column":72}},"type":"cond-expr","locations":[{"start":{"line":6,"column":58},"end":{"line":6,"column":60}},{"start":{"line":6,"column":63},"end":{"line":6,"column":72}}],"line":6}},"s":{"0":3,"1":0,"2":0,"3":0,"4":0,"5":0},"f":{"0":0,"1":0,"2":0},"b":{"0":[0,0]},"_coverageSchema":"1a1c01bbd47fc00a2c39e90264f33305004495a9","hash":"331147cda6fab2636b53548370b1788d95eb7f45"}
,"/Users/maggieaytac/Documents/HACKREACTOR/project-catwalk/client/src/components/overview/AddToCart/Size/Size.jsx": {"path":"/Users/maggieaytac/Documents/HACKREACTOR/project-catwalk/client/src/components/overview/AddToCart/Size/Size.jsx","statementMap":{"0":{"start":{"line":7,"column":4},"end":{"line":7,"column":17}},"1":{"start":{"line":8,"column":4},"end":{"line":10,"column":6}},"2":{"start":{"line":11,"column":4},"end":{"line":11,"column":57}},"3":{"start":{"line":15,"column":4},"end":{"line":15,"column":41}},"4":{"start":{"line":16,"column":4},"end":{"line":18,"column":7}},"5":{"start":{"line":22,"column":28},"end":{"line":22,"column":38}},"6":{"start":{"line":23,"column":20},"end":{"line":23,"column":30}},"7":{"start":{"line":25,"column":18},"end":{"line":25,"column":38}},"8":{"start":{"line":26,"column":24},"end":{"line":52,"column":6}},"9":{"start":{"line":27,"column":6},"end":{"line":41,"column":7}},"10":{"start":{"line":28,"column":25},"end":{"line":28,"column":63}},"11":{"start":{"line":29,"column":8},"end":{"line":40,"column":10}},"12":{"start":{"line":42,"column":6},"end":{"line":51,"column":8}},"13":{"start":{"line":54,"column":4},"end":{"line":61,"column":6}}},"fnMap":{"0":{"name":"(anonymous_0)","decl":{"start":{"line":6,"column":2},"end":{"line":6,"column":3}},"loc":{"start":{"line":6,"column":21},"end":{"line":12,"column":3}},"line":6},"1":{"name":"(anonymous_1)","decl":{"start":{"line":14,"column":2},"end":{"line":14,"column":3}},"loc":{"start":{"line":14,"column":20},"end":{"line":19,"column":3}},"line":14},"2":{"name":"(anonymous_2)","decl":{"start":{"line":21,"column":2},"end":{"line":21,"column":3}},"loc":{"start":{"line":21,"column":11},"end":{"line":62,"column":3}},"line":21},"3":{"name":"(anonymous_3)","decl":{"start":{"line":26,"column":34},"end":{"line":26,"column":35}},"loc":{"start":{"line":26,"column":51},"end":{"line":52,"column":5}},"line":26}},"branchMap":{"0":{"loc":{"start":{"line":27,"column":6},"end":{"line":41,"column":7}},"type":"if","locations":[{"start":{"line":27,"column":6},"end":{"line":41,"column":7}},{"start":{"line":27,"column":6},"end":{"line":41,"column":7}}],"line":27},"1":{"loc":{"start":{"line":28,"column":25},"end":{"line":28,"column":63}},"type":"cond-expr","locations":[{"start":{"line":28,"column":43},"end":{"line":28,"column":58}},{"start":{"line":28,"column":61},"end":{"line":28,"column":63}}],"line":28},"2":{"loc":{"start":{"line":36,"column":16},"end":{"line":36,"column":37}},"type":"cond-expr","locations":[{"start":{"line":36,"column":24},"end":{"line":36,"column":26}},{"start":{"line":36,"column":29},"end":{"line":36,"column":37}}],"line":36}},"s":{"0":0,"1":0,"2":0,"3":0,"4":0,"5":0,"6":0,"7":0,"8":0,"9":0,"10":0,"11":0,"12":0,"13":0},"f":{"0":0,"1":0,"2":0,"3":0},"b":{"0":[0,0],"1":[0,0],"2":[0,0]},"_coverageSchema":"1a1c01bbd47fc00a2c39e90264f33305004495a9","hash":"dc5dcf7373d6043af0798e375ba74d23d3ac1689"}
,"/Users/maggieaytac/Documents/HACKREACTOR/project-catwalk/client/src/components/overview/Category/Category.jsx": {"path":"/Users/maggieaytac/Documents/HACKREACTOR/project-catwalk/client/src/components/overview/Category/Category.jsx","statementMap":{"0":{"start":{"line":4,"column":17},"end":{"line":4,"column":75}},"1":{"start":{"line":4,"column":35},"end":{"line":4,"column":75}},"2":{"start":{"line":6,"column":0},"end":{"line":8,"column":2}}},"fnMap":{"0":{"name":"(anonymous_0)","decl":{"start":{"line":4,"column":17},"end":{"line":4,"column":18}},"loc":{"start":{"line":4,"column":35},"end":{"line":4,"column":75}},"line":4}},"branchMap":{},"s":{"0":3,"1":1,"2":3},"f":{"0":1},"b":{},"_coverageSchema":"1a1c01bbd47fc00a2c39e90264f33305004495a9","hash":"ca6c8506bb411c4b04245706eb2e8440e6bea70b"}
,"/Users/maggieaytac/Documents/HACKREACTOR/project-catwalk/client/src/components/overview/DefaultImages/DefaultImages.jsx": {"path":"/Users/maggieaytac/Documents/HACKREACTOR/project-catwalk/client/src/components/overview/DefaultImages/DefaultImages.jsx","statementMap":{"0":{"start":{"line":9,"column":22},"end":{"line":54,"column":1}},"1":{"start":{"line":10,"column":28},"end":{"line":10,"column":39}},"2":{"start":{"line":11,"column":28},"end":{"line":11,"column":43}},"3":{"start":{"line":13,"column":2},"end":{"line":52,"column":3}},"4":{"start":{"line":14,"column":4},"end":{"line":51,"column":6}},"5":{"start":{"line":28,"column":29},"end":{"line":28,"column":44}},"6":{"start":{"line":53,"column":2},"end":{"line":53,"column":17}}},"fnMap":{"0":{"name":"(anonymous_0)","decl":{"start":{"line":9,"column":22},"end":{"line":9,"column":23}},"loc":{"start":{"line":9,"column":38},"end":{"line":54,"column":1}},"line":9},"1":{"name":"(anonymous_1)","decl":{"start":{"line":28,"column":21},"end":{"line":28,"column":22}},"loc":{"start":{"line":28,"column":27},"end":{"line":28,"column":46}},"line":28}},"branchMap":{"0":{"loc":{"start":{"line":13,"column":2},"end":{"line":52,"column":3}},"type":"if","locations":[{"start":{"line":13,"column":2},"end":{"line":52,"column":3}},{"start":{"line":13,"column":2},"end":{"line":52,"column":3}}],"line":13},"1":{"loc":{"start":{"line":26,"column":17},"end":{"line":26,"column":77}},"type":"cond-expr","locations":[{"start":{"line":26,"column":37},"end":{"line":26,"column":54}},{"start":{"line":26,"column":57},"end":{"line":26,"column":77}}],"line":26}},"s":{"0":2,"1":0,"2":0,"3":0,"4":0,"5":0,"6":0},"f":{"0":0,"1":0},"b":{"0":[0,0],"1":[0,0]},"_coverageSchema":"1a1c01bbd47fc00a2c39e90264f33305004495a9","hash":"0c22af9c4265683cc68c893ce090428be9f6059e"}
,"/Users/maggieaytac/Documents/HACKREACTOR/project-catwalk/client/src/components/overview/DefaultImages/Arrows/LeftArrow.jsx": {"path":"/Users/maggieaytac/Documents/HACKREACTOR/project-catwalk/client/src/components/overview/DefaultImages/Arrows/LeftArrow.jsx","statementMap":{"0":{"start":{"line":4,"column":18},"end":{"line":16,"column":1}},"1":{"start":{"line":5,"column":22},"end":{"line":7,"column":3}},"2":{"start":{"line":6,"column":4},"end":{"line":6,"column":31}},"3":{"start":{"line":9,"column":2},"end":{"line":15,"column":4}}},"fnMap":{"0":{"name":"(anonymous_0)","decl":{"start":{"line":4,"column":18},"end":{"line":4,"column":19}},"loc":{"start":{"line":4,"column":58},"end":{"line":16,"column":1}},"line":4},"1":{"name":"(anonymous_1)","decl":{"start":{"line":5,"column":22},"end":{"line":5,"column":23}},"loc":{"start":{"line":5,"column":28},"end":{"line":7,"column":3}},"line":5}},"branchMap":{"0":{"loc":{"start":{"line":11,"column":8},"end":{"line":13,"column":7}},"type":"binary-expr","locations":[{"start":{"line":11,"column":8},"end":{"line":11,"column":21}},{"start":{"line":12,"column":8},"end":{"line":12,"column":92}}],"line":11}},"s":{"0":2,"1":0,"2":0,"3":0},"f":{"0":0,"1":0},"b":{"0":[0,0]},"_coverageSchema":"1a1c01bbd47fc00a2c39e90264f33305004495a9","hash":"c872cb8281531ad27c77045352495b4bb7eca1db"}
,"/Users/maggieaytac/Documents/HACKREACTOR/project-catwalk/client/src/components/overview/DefaultImages/Arrows/RightArrow.jsx": {"path":"/Users/maggieaytac/Documents/HACKREACTOR/project-catwalk/client/src/components/overview/DefaultImages/Arrows/RightArrow.jsx","statementMap":{"0":{"start":{"line":4,"column":19},"end":{"line":16,"column":1}},"1":{"start":{"line":5,"column":18},"end":{"line":7,"column":3}},"2":{"start":{"line":6,"column":4},"end":{"line":6,"column":31}},"3":{"start":{"line":9,"column":2},"end":{"line":15,"column":4}}},"fnMap":{"0":{"name":"(anonymous_0)","decl":{"start":{"line":4,"column":19},"end":{"line":4,"column":20}},"loc":{"start":{"line":4,"column":59},"end":{"line":16,"column":1}},"line":4},"1":{"name":"(anonymous_1)","decl":{"start":{"line":5,"column":18},"end":{"line":5,"column":19}},"loc":{"start":{"line":5,"column":24},"end":{"line":7,"column":3}},"line":5}},"branchMap":{"0":{"loc":{"start":{"line":11,"column":8},"end":{"line":13,"column":7}},"type":"binary-expr","locations":[{"start":{"line":11,"column":8},"end":{"line":11,"column":32}},{"start":{"line":12,"column":8},"end":{"line":12,"column":90}}],"line":11}},"s":{"0":2,"1":0,"2":0,"3":0},"f":{"0":0,"1":0},"b":{"0":[0,0]},"_coverageSchema":"1a1c01bbd47fc00a2c39e90264f33305004495a9","hash":"11bdd8b7a5556616800756a134cdff002a1e9cdd"}
,"/Users/maggieaytac/Documents/HACKREACTOR/project-catwalk/client/src/components/overview/DefaultImages/Modal/Indicators.jsx": {"path":"/Users/maggieaytac/Documents/HACKREACTOR/project-catwalk/client/src/components/overview/DefaultImages/Modal/Indicators.jsx","statementMap":{"0":{"start":{"line":4,"column":19},"end":{"line":18,"column":1}},"1":{"start":{"line":5,"column":25},"end":{"line":10,"column":3}},"2":{"start":{"line":6,"column":4},"end":{"line":9,"column":6}},"3":{"start":{"line":8,"column":21},"end":{"line":8,"column":39}},"4":{"start":{"line":13,"column":2},"end":{"line":17,"column":4}},"5":{"start":{"line":15,"column":36},"end":{"line":15,"column":57}}},"fnMap":{"0":{"name":"(anonymous_0)","decl":{"start":{"line":4,"column":19},"end":{"line":4,"column":20}},"loc":{"start":{"line":4,"column":59},"end":{"line":18,"column":1}},"line":4},"1":{"name":"(anonymous_1)","decl":{"start":{"line":5,"column":25},"end":{"line":5,"column":26}},"loc":{"start":{"line":6,"column":4},"end":{"line":9,"column":6}},"line":6},"2":{"name":"(anonymous_2)","decl":{"start":{"line":8,"column":15},"end":{"line":8,"column":16}},"loc":{"start":{"line":8,"column":21},"end":{"line":8,"column":39}},"line":8},"3":{"name":"(anonymous_3)","decl":{"start":{"line":15,"column":18},"end":{"line":15,"column":19}},"loc":{"start":{"line":15,"column":36},"end":{"line":15,"column":57}},"line":15}},"branchMap":{"0":{"loc":{"start":{"line":7,"column":17},"end":{"line":7,"column":76}},"type":"cond-expr","locations":[{"start":{"line":7,"column":39},"end":{"line":7,"column":55}},{"start":{"line":7,"column":58},"end":{"line":7,"column":76}}],"line":7},"1":{"loc":{"start":{"line":13,"column":9},"end":{"line":17,"column":3}},"type":"binary-expr","locations":[{"start":{"line":13,"column":9},"end":{"line":13,"column":26}},{"start":{"line":14,"column":4},"end":{"line":16,"column":10}}],"line":13}},"s":{"0":2,"1":0,"2":0,"3":0,"4":0,"5":0},"f":{"0":0,"1":0,"2":0,"3":0},"b":{"0":[0,0],"1":[0,0]},"_coverageSchema":"1a1c01bbd47fc00a2c39e90264f33305004495a9","hash":"75570a60740581e3910120eead91648197d801b0"}
,"/Users/maggieaytac/Documents/HACKREACTOR/project-catwalk/client/src/components/overview/DefaultImages/Modal/Modal.jsx": {"path":"/Users/maggieaytac/Documents/HACKREACTOR/project-catwalk/client/src/components/overview/DefaultImages/Modal/Modal.jsx","statementMap":{"0":{"start":{"line":8,"column":14},"end":{"line":66,"column":1}},"1":{"start":{"line":12,"column":30},"end":{"line":12,"column":45}},"2":{"start":{"line":15,"column":28},"end":{"line":15,"column":75}},"3":{"start":{"line":22,"column":2},"end":{"line":65,"column":4}},"4":{"start":{"line":30,"column":25},"end":{"line":30,"column":43}},"5":{"start":{"line":44,"column":29},"end":{"line":44,"column":48}}},"fnMap":{"0":{"name":"(anonymous_0)","decl":{"start":{"line":8,"column":14},"end":{"line":8,"column":15}},"loc":{"start":{"line":10,"column":6},"end":{"line":66,"column":1}},"line":10},"1":{"name":"(anonymous_1)","decl":{"start":{"line":30,"column":19},"end":{"line":30,"column":20}},"loc":{"start":{"line":30,"column":25},"end":{"line":30,"column":43}},"line":30},"2":{"name":"(anonymous_2)","decl":{"start":{"line":44,"column":21},"end":{"line":44,"column":22}},"loc":{"start":{"line":44,"column":27},"end":{"line":44,"column":50}},"line":44}},"branchMap":{"0":{"loc":{"start":{"line":15,"column":28},"end":{"line":15,"column":75}},"type":"cond-expr","locations":[{"start":{"line":15,"column":35},"end":{"line":15,"column":54}},{"start":{"line":15,"column":57},"end":{"line":15,"column":75}}],"line":15},"1":{"loc":{"start":{"line":47,"column":12},"end":{"line":48,"column":56}},"type":"binary-expr","locations":[{"start":{"line":47,"column":12},"end":{"line":47,"column":18}},{"start":{"line":48,"column":15},"end":{"line":48,"column":56}}],"line":47}},"s":{"0":2,"1":0,"2":0,"3":0,"4":0,"5":0},"f":{"0":0,"1":0,"2":0},"b":{"0":[0,0],"1":[0,0]},"_coverageSchema":"1a1c01bbd47fc00a2c39e90264f33305004495a9","hash":"e08e52cd5a25c903cea3530705fee41a920ec5f2"}
,"/Users/maggieaytac/Documents/HACKREACTOR/project-catwalk/client/src/components/overview/DefaultImages/Modal/ZoomImage.jsx": {"path":"/Users/maggieaytac/Documents/HACKREACTOR/project-catwalk/client/src/components/overview/DefaultImages/Modal/ZoomImage.jsx","statementMap":{"0":{"start":{"line":6,"column":4},"end":{"line":6,"column":17}},"1":{"start":{"line":7,"column":4},"end":{"line":10,"column":6}},"2":{"start":{"line":11,"column":4},"end":{"line":11,"column":59}},"3":{"start":{"line":17,"column":8},"end":{"line":17,"column":40}},"4":{"start":{"line":18,"column":14},"end":{"line":18,"column":44}},"5":{"start":{"line":19,"column":14},"end":{"line":19,"column":44}},"6":{"start":{"line":20,"column":4},"end":{"line":20,"column":57}},"7":{"start":{"line":24,"column":4},"end":{"line":28,"column":6}}},"fnMap":{"0":{"name":"(anonymous_0)","decl":{"start":{"line":5,"column":2},"end":{"line":5,"column":3}},"loc":{"start":{"line":5,"column":21},"end":{"line":12,"column":3}},"line":5},"1":{"name":"(anonymous_1)","decl":{"start":{"line":14,"column":2},"end":{"line":14,"column":3}},"loc":{"start":{"line":14,"column":21},"end":{"line":21,"column":3}},"line":14},"2":{"name":"(anonymous_2)","decl":{"start":{"line":23,"column":2},"end":{"line":23,"column":3}},"loc":{"start":{"line":23,"column":11},"end":{"line":29,"column":3}},"line":23}},"branchMap":{},"s":{"0":0,"1":0,"2":0,"3":0,"4":0,"5":0,"6":0,"7":0},"f":{"0":0,"1":0,"2":0},"b":{},"_coverageSchema":"1a1c01bbd47fc00a2c39e90264f33305004495a9","hash":"a4ee34ed3a8a68b02dd4697bf2bf560e2dc9342b"}
,"/Users/maggieaytac/Documents/HACKREACTOR/project-catwalk/client/src/components/overview/DefaultImages/ProductThumbnails/ProductThumbnails.jsx": {"path":"/Users/maggieaytac/Documents/HACKREACTOR/project-catwalk/client/src/components/overview/DefaultImages/ProductThumbnails/ProductThumbnails.jsx","statementMap":{"0":{"start":{"line":4,"column":26},"end":{"line":47,"column":1}},"1":{"start":{"line":5,"column":32},"end":{"line":5,"column":43}},"2":{"start":{"line":6,"column":21},"end":{"line":6,"column":38}},"3":{"start":{"line":8,"column":26},"end":{"line":20,"column":3}},"4":{"start":{"line":9,"column":4},"end":{"line":19,"column":5}},"5":{"start":{"line":10,"column":6},"end":{"line":18,"column":8}},"6":{"start":{"line":16,"column":25},"end":{"line":16,"column":45}},"7":{"start":{"line":22,"column":29},"end":{"line":26,"column":3}},"8":{"start":{"line":23,"column":4},"end":{"line":25,"column":5}},"9":{"start":{"line":24,"column":6},"end":{"line":24,"column":50}},"10":{"start":{"line":28,"column":25},"end":{"line":32,"column":3}},"11":{"start":{"line":29,"column":4},"end":{"line":31,"column":5}},"12":{"start":{"line":30,"column":6},"end":{"line":30,"column":65}},"13":{"start":{"line":34,"column":2},"end":{"line":46,"column":4}}},"fnMap":{"0":{"name":"(anonymous_0)","decl":{"start":{"line":4,"column":26},"end":{"line":4,"column":27}},"loc":{"start":{"line":4,"column":77},"end":{"line":47,"column":1}},"line":4},"1":{"name":"(anonymous_1)","decl":{"start":{"line":8,"column":26},"end":{"line":8,"column":27}},"loc":{"start":{"line":8,"column":39},"end":{"line":20,"column":3}},"line":8},"2":{"name":"(anonymous_2)","decl":{"start":{"line":16,"column":19},"end":{"line":16,"column":20}},"loc":{"start":{"line":16,"column":25},"end":{"line":16,"column":45}},"line":16},"3":{"name":"(anonymous_3)","decl":{"start":{"line":22,"column":29},"end":{"line":22,"column":30}},"loc":{"start":{"line":22,"column":35},"end":{"line":26,"column":3}},"line":22},"4":{"name":"(anonymous_4)","decl":{"start":{"line":28,"column":25},"end":{"line":28,"column":26}},"loc":{"start":{"line":28,"column":31},"end":{"line":32,"column":3}},"line":28}},"branchMap":{"0":{"loc":{"start":{"line":9,"column":4},"end":{"line":19,"column":5}},"type":"if","locations":[{"start":{"line":9,"column":4},"end":{"line":19,"column":5}},{"start":{"line":9,"column":4},"end":{"line":19,"column":5}}],"line":9},"1":{"loc":{"start":{"line":9,"column":8},"end":{"line":9,"column":40}},"type":"binary-expr","locations":[{"start":{"line":9,"column":8},"end":{"line":9,"column":20}},{"start":{"line":9,"column":24},"end":{"line":9,"column":40}}],"line":9},"2":{"loc":{"start":{"line":12,"column":15},"end":{"line":12,"column":121}},"type":"cond-expr","locations":[{"start":{"line":12,"column":58},"end":{"line":12,"column":98}},{"start":{"line":12,"column":101},"end":{"line":12,"column":121}}],"line":12},"3":{"loc":{"start":{"line":15,"column":14},"end":{"line":15,"column":58}},"type":"cond-expr","locations":[{"start":{"line":15,"column":38},"end":{"line":15,"column":53}},{"start":{"line":15,"column":56},"end":{"line":15,"column":58}}],"line":15},"4":{"loc":{"start":{"line":23,"column":4},"end":{"line":25,"column":5}},"type":"if","locations":[{"start":{"line":23,"column":4},"end":{"line":25,"column":5}},{"start":{"line":23,"column":4},"end":{"line":25,"column":5}}],"line":23},"5":{"loc":{"start":{"line":24,"column":17},"end":{"line":24,"column":48}},"type":"cond-expr","locations":[{"start":{"line":24,"column":33},"end":{"line":24,"column":34}},{"start":{"line":24,"column":37},"end":{"line":24,"column":48}}],"line":24},"6":{"loc":{"start":{"line":29,"column":4},"end":{"line":31,"column":5}},"type":"if","locations":[{"start":{"line":29,"column":4},"end":{"line":31,"column":5}},{"start":{"line":29,"column":4},"end":{"line":31,"column":5}}],"line":29},"7":{"loc":{"start":{"line":30,"column":17},"end":{"line":30,"column":63}},"type":"cond-expr","locations":[{"start":{"line":30,"column":42},"end":{"line":30,"column":49}},{"start":{"line":30,"column":52},"end":{"line":30,"column":63}}],"line":30},"8":{"loc":{"start":{"line":34,"column":9},"end":{"line":46,"column":3}},"type":"binary-expr","locations":[{"start":{"line":34,"column":9},"end":{"line":34,"column":37}},{"start":{"line":35,"column":4},"end":{"line":45,"column":10}}],"line":34}},"s":{"0":2,"1":0,"2":0,"3":0,"4":0,"5":0,"6":0,"7":0,"8":0,"9":0,"10":0,"11":0,"12":0,"13":0},"f":{"0":0,"1":0,"2":0,"3":0,"4":0},"b":{"0":[0,0],"1":[0,0],"2":[0,0],"3":[0,0],"4":[0,0],"5":[0,0],"6":[0,0],"7":[0,0],"8":[0,0]},"_coverageSchema":"1a1c01bbd47fc00a2c39e90264f33305004495a9","hash":"c79d6e3436b7254f7bbb8c2008c578d2f31cc131"}
,"/Users/maggieaytac/Documents/HACKREACTOR/project-catwalk/client/src/components/overview/Price/Price.jsx": {"path":"/Users/maggieaytac/Documents/HACKREACTOR/project-catwalk/client/src/components/overview/Price/Price.jsx","statementMap":{"0":{"start":{"line":5,"column":14},"end":{"line":26,"column":1}},"1":{"start":{"line":6,"column":2},"end":{"line":19,"column":3}},"2":{"start":{"line":7,"column":4},"end":{"line":18,"column":6}},"3":{"start":{"line":20,"column":2},"end":{"line":25,"column":4}},"4":{"start":{"line":28,"column":0},"end":{"line":31,"column":2}}},"fnMap":{"0":{"name":"(anonymous_0)","decl":{"start":{"line":5,"column":14},"end":{"line":5,"column":15}},"loc":{"start":{"line":5,"column":48},"end":{"line":26,"column":1}},"line":5}},"branchMap":{"0":{"loc":{"start":{"line":6,"column":2},"end":{"line":19,"column":3}},"type":"if","locations":[{"start":{"line":6,"column":2},"end":{"line":19,"column":3}},{"start":{"line":6,"column":2},"end":{"line":19,"column":3}}],"line":6}},"s":{"0":2,"1":0,"2":0,"3":0,"4":2},"f":{"0":0},"b":{"0":[0,0]},"_coverageSchema":"1a1c01bbd47fc00a2c39e90264f33305004495a9","hash":"0e22c5b72a7edb41829bedd2cca797b19f07ad19"}
,"/Users/maggieaytac/Documents/HACKREACTOR/project-catwalk/client/src/components/overview/ProductFeatures/ProductFeatures.jsx": {"path":"/Users/maggieaytac/Documents/HACKREACTOR/project-catwalk/client/src/components/overview/ProductFeatures/ProductFeatures.jsx","statementMap":{"0":{"start":{"line":7,"column":23},"end":{"line":7,"column":92}},"1":{"start":{"line":7,"column":53},"end":{"line":7,"column":91}},"2":{"start":{"line":8,"column":2},"end":{"line":12,"column":4}}},"fnMap":{"0":{"name":"ProductFeatures","decl":{"start":{"line":6,"column":9},"end":{"line":6,"column":24}},"loc":{"start":{"line":6,"column":39},"end":{"line":13,"column":1}},"line":6},"1":{"name":"(anonymous_1)","decl":{"start":{"line":7,"column":36},"end":{"line":7,"column":37}},"loc":{"start":{"line":7,"column":53},"end":{"line":7,"column":91}},"line":7}},"branchMap":{},"s":{"0":0,"1":0,"2":0},"f":{"0":0,"1":0},"b":{},"_coverageSchema":"1a1c01bbd47fc00a2c39e90264f33305004495a9","hash":"17cf7e350a241e9e83009c04f03fc5b046f2ad64"}
,"/Users/maggieaytac/Documents/HACKREACTOR/project-catwalk/client/src/components/overview/ProductFeatures/Feature/Feature.jsx": {"path":"/Users/maggieaytac/Documents/HACKREACTOR/project-catwalk/client/src/components/overview/ProductFeatures/Feature/Feature.jsx","statementMap":{"0":{"start":{"line":5,"column":17},"end":{"line":13,"column":1}},"1":{"start":{"line":6,"column":2},"end":{"line":12,"column":7}}},"fnMap":{"0":{"name":"(anonymous_0)","decl":{"start":{"line":5,"column":17},"end":{"line":5,"column":18}},"loc":{"start":{"line":6,"column":2},"end":{"line":12,"column":7}},"line":6}},"branchMap":{"0":{"loc":{"start":{"line":10,"column":8},"end":{"line":10,"column":49}},"type":"cond-expr","locations":[{"start":{"line":10,"column":24},"end":{"line":10,"column":44}},{"start":{"line":10,"column":47},"end":{"line":10,"column":49}}],"line":10}},"s":{"0":2,"1":0},"f":{"0":0},"b":{"0":[0,0]},"_coverageSchema":"1a1c01bbd47fc00a2c39e90264f33305004495a9","hash":"d57ecbd56aa912493f9b5c273ce99d8eeee4956d"}
,"/Users/maggieaytac/Documents/HACKREACTOR/project-catwalk/client/src/components/overview/ProductOverview/ProductOverview.jsx": {"path":"/Users/maggieaytac/Documents/HACKREACTOR/project-catwalk/client/src/components/overview/ProductOverview/ProductOverview.jsx","statementMap":{"0":{"start":{"line":5,"column":24},"end":{"line":10,"column":1}},"1":{"start":{"line":6,"column":2},"end":{"line":9,"column":10}},"2":{"start":{"line":12,"column":0},"end":{"line":15,"column":2}}},"fnMap":{"0":{"name":"(anonymous_0)","decl":{"start":{"line":5,"column":24},"end":{"line":5,"column":25}},"loc":{"start":{"line":5,"column":53},"end":{"line":10,"column":1}},"line":5}},"branchMap":{},"s":{"0":2,"1":0,"2":2},"f":{"0":0},"b":{},"_coverageSchema":"1a1c01bbd47fc00a2c39e90264f33305004495a9","hash":"b0a847e7d9af3ff4f3fd95a495a25ee76a362096"}
,"/Users/maggieaytac/Documents/HACKREACTOR/project-catwalk/client/src/components/overview/ProductTitle/ProductTitle.jsx": {"path":"/Users/maggieaytac/Documents/HACKREACTOR/project-catwalk/client/src/components/overview/ProductTitle/ProductTitle.jsx","statementMap":{"0":{"start":{"line":4,"column":21},"end":{"line":4,"column":70}},"1":{"start":{"line":4,"column":36},"end":{"line":4,"column":70}},"2":{"start":{"line":6,"column":0},"end":{"line":8,"column":2}}},"fnMap":{"0":{"name":"(anonymous_0)","decl":{"start":{"line":4,"column":21},"end":{"line":4,"column":22}},"loc":{"start":{"line":4,"column":36},"end":{"line":4,"column":70}},"line":4}},"branchMap":{},"s":{"0":3,"1":1,"2":3},"f":{"0":1},"b":{},"_coverageSchema":"1a1c01bbd47fc00a2c39e90264f33305004495a9","hash":"8662684c42aa1f154f177356e7259b2ed6494481"}
,"/Users/maggieaytac/Documents/HACKREACTOR/project-catwalk/client/src/components/overview/Rating/Rating.jsx": {"path":"/Users/maggieaytac/Documents/HACKREACTOR/project-catwalk/client/src/components/overview/Rating/Rating.jsx","statementMap":{"0":{"start":{"line":6,"column":15},"end":{"line":17,"column":1}},"1":{"start":{"line":7,"column":2},"end":{"line":16,"column":8}},"2":{"start":{"line":19,"column":0},"end":{"line":21,"column":2}}},"fnMap":{"0":{"name":"(anonymous_0)","decl":{"start":{"line":6,"column":15},"end":{"line":6,"column":16}},"loc":{"start":{"line":7,"column":2},"end":{"line":16,"column":8}},"line":7}},"branchMap":{},"s":{"0":2,"1":0,"2":2},"f":{"0":0},"b":{},"_coverageSchema":"1a1c01bbd47fc00a2c39e90264f33305004495a9","hash":"269723db409039aa9b1a13b2b651c070f0dd2bff"}
,"/Users/maggieaytac/Documents/HACKREACTOR/project-catwalk/client/src/components/overview/Share/Share.jsx": {"path":"/Users/maggieaytac/Documents/HACKREACTOR/project-catwalk/client/src/components/overview/Share/Share.jsx","statementMap":{"0":{"start":{"line":8,"column":14},"end":{"line":14,"column":1}},"1":{"start":{"line":9,"column":2},"end":{"line":13,"column":8}}},"fnMap":{"0":{"name":"(anonymous_0)","decl":{"start":{"line":8,"column":14},"end":{"line":8,"column":15}},"loc":{"start":{"line":9,"column":2},"end":{"line":13,"column":8}},"line":9}},"branchMap":{},"s":{"0":2,"1":0},"f":{"0":0},"b":{},"_coverageSchema":"1a1c01bbd47fc00a2c39e90264f33305004495a9","hash":"b1ed057548591600770a1c8711a46350ea858a7d"}
,"/Users/maggieaytac/Documents/HACKREACTOR/project-catwalk/client/src/components/overview/Share/Facebook/Facebook.jsx": {"path":"/Users/maggieaytac/Documents/HACKREACTOR/project-catwalk/client/src/components/overview/Share/Facebook/Facebook.jsx","statementMap":{"0":{"start":{"line":3,"column":17},"end":{"line":3,"column":417}},"1":{"start":{"line":3,"column":38},"end":{"line":3,"column":416}}},"fnMap":{"0":{"name":"(anonymous_0)","decl":{"start":{"line":3,"column":17},"end":{"line":3,"column":18}},"loc":{"start":{"line":3,"column":38},"end":{"line":3,"column":416}},"line":3}},"branchMap":{},"s":{"0":2,"1":0},"f":{"0":0},"b":{},"_coverageSchema":"1a1c01bbd47fc00a2c39e90264f33305004495a9","hash":"699912b47ea6be909218c59fcdd6367f976434be"}
,"/Users/maggieaytac/Documents/HACKREACTOR/project-catwalk/client/src/components/overview/Share/Pinterest/Pinterest.jsx": {"path":"/Users/maggieaytac/Documents/HACKREACTOR/project-catwalk/client/src/components/overview/Share/Pinterest/Pinterest.jsx","statementMap":{"0":{"start":{"line":3,"column":18},"end":{"line":4,"column":1}},"1":{"start":{"line":3,"column":39},"end":{"line":3,"column":148}}},"fnMap":{"0":{"name":"(anonymous_0)","decl":{"start":{"line":3,"column":18},"end":{"line":3,"column":19}},"loc":{"start":{"line":3,"column":39},"end":{"line":3,"column":148}},"line":3}},"branchMap":{},"s":{"0":2,"1":0},"f":{"0":0},"b":{},"_coverageSchema":"1a1c01bbd47fc00a2c39e90264f33305004495a9","hash":"0e4fc5bf392bcd129093f9203fab16d9427d73ce"}
,"/Users/maggieaytac/Documents/HACKREACTOR/project-catwalk/client/src/components/overview/Share/Twitter/Twitter.jsx": {"path":"/Users/maggieaytac/Documents/HACKREACTOR/project-catwalk/client/src/components/overview/Share/Twitter/Twitter.jsx","statementMap":{"0":{"start":{"line":3,"column":16},"end":{"line":4,"column":1}},"1":{"start":{"line":3,"column":37},"end":{"line":3,"column":177}}},"fnMap":{"0":{"name":"(anonymous_0)","decl":{"start":{"line":3,"column":16},"end":{"line":3,"column":17}},"loc":{"start":{"line":3,"column":37},"end":{"line":3,"column":177}},"line":3}},"branchMap":{},"s":{"0":2,"1":0},"f":{"0":0},"b":{},"_coverageSchema":"1a1c01bbd47fc00a2c39e90264f33305004495a9","hash":"f4fa0541c08ea148e93dcbd8ce538a030cf5a765"}
,"/Users/maggieaytac/Documents/HACKREACTOR/project-catwalk/client/src/components/overview/StyleSelector/StyleSelector.jsx": {"path":"/Users/maggieaytac/Documents/HACKREACTOR/project-catwalk/client/src/components/overview/StyleSelector/StyleSelector.jsx","statementMap":{"0":{"start":{"line":8,"column":4},"end":{"line":8,"column":17}},"1":{"start":{"line":12,"column":30},"end":{"line":24,"column":6}},"2":{"start":{"line":13,"column":6},"end":{"line":23,"column":8}},"3":{"start":{"line":26,"column":27},"end":{"line":26,"column":94}},"4":{"start":{"line":28,"column":4},"end":{"line":32,"column":6}}},"fnMap":{"0":{"name":"(anonymous_0)","decl":{"start":{"line":7,"column":2},"end":{"line":7,"column":3}},"loc":{"start":{"line":7,"column":21},"end":{"line":9,"column":3}},"line":7},"1":{"name":"(anonymous_1)","decl":{"start":{"line":11,"column":4},"end":{"line":11,"column":5}},"loc":{"start":{"line":11,"column":13},"end":{"line":33,"column":3}},"line":11},"2":{"name":"(anonymous_2)","decl":{"start":{"line":12,"column":52},"end":{"line":12,"column":53}},"loc":{"start":{"line":13,"column":6},"end":{"line":23,"column":8}},"line":13}},"branchMap":{"0":{"loc":{"start":{"line":26,"column":27},"end":{"line":26,"column":94}},"type":"cond-expr","locations":[{"start":{"line":26,"column":55},"end":{"line":26,"column":74}},{"start":{"line":26,"column":77},"end":{"line":26,"column":94}}],"line":26}},"s":{"0":0,"1":0,"2":0,"3":0,"4":0},"f":{"0":0,"1":0,"2":0},"b":{"0":[0,0]},"_coverageSchema":"1a1c01bbd47fc00a2c39e90264f33305004495a9","hash":"292cabf133845a98e13b16f329336bf891e3064b"}
,"/Users/maggieaytac/Documents/HACKREACTOR/project-catwalk/client/src/components/overview/StyleSelector/Thumbnails/Thumbnails.jsx": {"path":"/Users/maggieaytac/Documents/HACKREACTOR/project-catwalk/client/src/components/overview/StyleSelector/Thumbnails/Thumbnails.jsx","statementMap":{"0":{"start":{"line":6,"column":19},"end":{"line":23,"column":1}},"1":{"start":{"line":8,"column":2},"end":{"line":22,"column":4}}},"fnMap":{"0":{"name":"(anonymous_0)","decl":{"start":{"line":6,"column":19},"end":{"line":6,"column":20}},"loc":{"start":{"line":6,"column":111},"end":{"line":23,"column":1}},"line":6}},"branchMap":{},"s":{"0":2,"1":0},"f":{"0":0},"b":{},"_coverageSchema":"1a1c01bbd47fc00a2c39e90264f33305004495a9","hash":"46047e2090dde61cf45e26b66a6f30f44a6bd742"}
,"/Users/maggieaytac/Documents/HACKREACTOR/project-catwalk/client/src/components/overview/StyleSelector/Thumbnails/Thumbnail/Thumbnail.jsx": {"path":"/Users/maggieaytac/Documents/HACKREACTOR/project-catwalk/client/src/components/overview/StyleSelector/Thumbnails/Thumbnail/Thumbnail.jsx","statementMap":{"0":{"start":{"line":7,"column":4},"end":{"line":7,"column":17}},"1":{"start":{"line":8,"column":4},"end":{"line":8,"column":43}},"2":{"start":{"line":12,"column":4},"end":{"line":12,"column":67}},"3":{"start":{"line":16,"column":4},"end":{"line":24,"column":6}},"4":{"start":{"line":28,"column":0},"end":{"line":31,"column":2}}},"fnMap":{"0":{"name":"(anonymous_0)","decl":{"start":{"line":6,"column":2},"end":{"line":6,"column":3}},"loc":{"start":{"line":6,"column":21},"end":{"line":9,"column":3}},"line":6},"1":{"name":"(anonymous_1)","decl":{"start":{"line":11,"column":2},"end":{"line":11,"column":3}},"loc":{"start":{"line":11,"column":12},"end":{"line":13,"column":3}},"line":11},"2":{"name":"(anonymous_2)","decl":{"start":{"line":15,"column":2},"end":{"line":15,"column":3}},"loc":{"start":{"line":15,"column":11},"end":{"line":25,"column":3}},"line":15}},"branchMap":{"0":{"loc":{"start":{"line":18,"column":13},"end":{"line":18,"column":67}},"type":"cond-expr","locations":[{"start":{"line":18,"column":30},"end":{"line":18,"column":44}},{"start":{"line":18,"column":47},"end":{"line":18,"column":67}}],"line":18},"1":{"loc":{"start":{"line":19,"column":19},"end":{"line":19,"column":102}},"type":"cond-expr","locations":[{"start":{"line":19,"column":68},"end":{"line":19,"column":83}},{"start":{"line":19,"column":86},"end":{"line":19,"column":102}}],"line":19},"2":{"loc":{"start":{"line":20,"column":13},"end":{"line":20,"column":56}},"type":"cond-expr","locations":[{"start":{"line":20,"column":41},"end":{"line":20,"column":51}},{"start":{"line":20,"column":54},"end":{"line":20,"column":56}}],"line":20}},"s":{"0":0,"1":0,"2":0,"3":0,"4":2},"f":{"0":0,"1":0,"2":0},"b":{"0":[0,0],"1":[0,0],"2":[0,0]},"_coverageSchema":"1a1c01bbd47fc00a2c39e90264f33305004495a9","hash":"01925010ef5e33a976d4dbbfcd11bbde4625d37a"}
,"/Users/maggieaytac/Documents/HACKREACTOR/project-catwalk/client/src/components/related/Card.jsx": {"path":"/Users/maggieaytac/Documents/HACKREACTOR/project-catwalk/client/src/components/related/Card.jsx","statementMap":{"0":{"start":{"line":15,"column":37},"end":{"line":15,"column":47}},"1":{"start":{"line":16,"column":4},"end":{"line":16,"column":36}},"2":{"start":{"line":20,"column":37},"end":{"line":20,"column":47}},"3":{"start":{"line":21,"column":4},"end":{"line":21,"column":25}},"4":{"start":{"line":22,"column":4},"end":{"line":22,"column":28}},"5":{"start":{"line":26,"column":28},"end":{"line":26,"column":38}},"6":{"start":{"line":27,"column":4},"end":{"line":27,"column":18}},"7":{"start":{"line":31,"column":33},"end":{"line":31,"column":43}},"8":{"start":{"line":32,"column":4},"end":{"line":32,"column":30}},"9":{"start":{"line":33,"column":4},"end":{"line":33,"column":28}},"10":{"start":{"line":37,"column":30},"end":{"line":37,"column":40}},"11":{"start":{"line":38,"column":27},"end":{"line":38,"column":34}},"12":{"start":{"line":39,"column":18},"end":{"line":39,"column":53}},"13":{"start":{"line":40,"column":4},"end":{"line":53,"column":5}},"14":{"start":{"line":41,"column":6},"end":{"line":52,"column":8}},"15":{"start":{"line":54,"column":4},"end":{"line":58,"column":6}},"16":{"start":{"line":62,"column":30},"end":{"line":62,"column":40}},"17":{"start":{"line":63,"column":4},"end":{"line":72,"column":5}},"18":{"start":{"line":64,"column":6},"end":{"line":71,"column":8}},"19":{"start":{"line":67,"column":57},"end":{"line":67,"column":81}},"20":{"start":{"line":73,"column":4},"end":{"line":102,"column":6}},"21":{"start":{"line":74,"column":50},"end":{"line":74,"column":78}},"22":{"start":{"line":85,"column":63},"end":{"line":85,"column":86}},"23":{"start":{"line":90,"column":63},"end":{"line":90,"column":96}},"24":{"start":{"line":106,"column":0},"end":{"line":108,"column":2}}},"fnMap":{"0":{"name":"(anonymous_0)","decl":{"start":{"line":14,"column":2},"end":{"line":14,"column":3}},"loc":{"start":{"line":14,"column":25},"end":{"line":17,"column":3}},"line":14},"1":{"name":"(anonymous_1)","decl":{"start":{"line":19,"column":2},"end":{"line":19,"column":3}},"loc":{"start":{"line":19,"column":21},"end":{"line":23,"column":3}},"line":19},"2":{"name":"(anonymous_2)","decl":{"start":{"line":25,"column":2},"end":{"line":25,"column":3}},"loc":{"start":{"line":25,"column":15},"end":{"line":28,"column":3}},"line":25},"3":{"name":"(anonymous_3)","decl":{"start":{"line":30,"column":2},"end":{"line":30,"column":3}},"loc":{"start":{"line":30,"column":31},"end":{"line":34,"column":3}},"line":30},"4":{"name":"(anonymous_4)","decl":{"start":{"line":36,"column":2},"end":{"line":36,"column":3}},"loc":{"start":{"line":36,"column":13},"end":{"line":59,"column":3}},"line":36},"5":{"name":"(anonymous_5)","decl":{"start":{"line":61,"column":2},"end":{"line":61,"column":3}},"loc":{"start":{"line":61,"column":11},"end":{"line":103,"column":3}},"line":61},"6":{"name":"(anonymous_6)","decl":{"start":{"line":67,"column":51},"end":{"line":67,"column":52}},"loc":{"start":{"line":67,"column":57},"end":{"line":67,"column":81}},"line":67},"7":{"name":"(anonymous_7)","decl":{"start":{"line":74,"column":44},"end":{"line":74,"column":45}},"loc":{"start":{"line":74,"column":50},"end":{"line":74,"column":78}},"line":74},"8":{"name":"(anonymous_8)","decl":{"start":{"line":85,"column":52},"end":{"line":85,"column":53}},"loc":{"start":{"line":85,"column":63},"end":{"line":85,"column":86}},"line":85},"9":{"name":"(anonymous_9)","decl":{"start":{"line":90,"column":52},"end":{"line":90,"column":53}},"loc":{"start":{"line":90,"column":63},"end":{"line":90,"column":96}},"line":90}},"branchMap":{"0":{"loc":{"start":{"line":39,"column":18},"end":{"line":39,"column":53}},"type":"cond-expr","locations":[{"start":{"line":39,"column":39},"end":{"line":39,"column":40}},{"start":{"line":39,"column":43},"end":{"line":39,"column":53}}],"line":39},"1":{"loc":{"start":{"line":40,"column":4},"end":{"line":53,"column":5}},"type":"if","locations":[{"start":{"line":40,"column":4},"end":{"line":53,"column":5}},{"start":{"line":40,"column":4},"end":{"line":53,"column":5}}],"line":40},"2":{"loc":{"start":{"line":63,"column":4},"end":{"line":72,"column":5}},"type":"if","locations":[{"start":{"line":63,"column":4},"end":{"line":72,"column":5}},{"start":{"line":63,"column":4},"end":{"line":72,"column":5}}],"line":63},"3":{"loc":{"start":{"line":80,"column":19},"end":{"line":80,"column":91}},"type":"binary-expr","locations":[{"start":{"line":80,"column":19},"end":{"line":80,"column":67}},{"start":{"line":80,"column":71},"end":{"line":80,"column":91}}],"line":80},"4":{"loc":{"start":{"line":83,"column":12},"end":{"line":93,"column":13}},"type":"cond-expr","locations":[{"start":{"line":85,"column":14},"end":{"line":87,"column":20}},{"start":{"line":90,"column":14},"end":{"line":92,"column":20}}],"line":83}},"s":{"0":0,"1":0,"2":0,"3":0,"4":0,"5":0,"6":0,"7":0,"8":0,"9":0,"10":0,"11":0,"12":0,"13":0,"14":0,"15":0,"16":0,"17":0,"18":0,"19":0,"20":0,"21":0,"22":0,"23":0,"24":2},"f":{"0":0,"1":0,"2":0,"3":0,"4":0,"5":0,"6":0,"7":0,"8":0,"9":0},"b":{"0":[0,0],"1":[0,0],"2":[0,0],"3":[0,0],"4":[0,0]},"_coverageSchema":"1a1c01bbd47fc00a2c39e90264f33305004495a9","hash":"440dec1b1eb72de97fc18fe8b958da652e427fea"}
,"/Users/maggieaytac/Documents/HACKREACTOR/project-catwalk/client/src/components/related/Comparison.jsx": {"path":"/Users/maggieaytac/Documents/HACKREACTOR/project-catwalk/client/src/components/related/Comparison.jsx","statementMap":{"0":{"start":{"line":11,"column":4},"end":{"line":11,"column":12}},"1":{"start":{"line":12,"column":4},"end":{"line":12,"column":51}},"2":{"start":{"line":16,"column":4},"end":{"line":16,"column":66}},"3":{"start":{"line":20,"column":4},"end":{"line":20,"column":69}},"4":{"start":{"line":24,"column":4},"end":{"line":26,"column":5}},"5":{"start":{"line":25,"column":6},"end":{"line":25,"column":24}},"6":{"start":{"line":30,"column":28},"end":{"line":30,"column":38}},"7":{"start":{"line":31,"column":4},"end":{"line":31,"column":18}},"8":{"start":{"line":35,"column":34},"end":{"line":35,"column":44}},"9":{"start":{"line":36,"column":21},"end":{"line":36,"column":23}},"10":{"start":{"line":37,"column":4},"end":{"line":43,"column":5}},"11":{"start":{"line":38,"column":19},"end":{"line":38,"column":31}},"12":{"start":{"line":39,"column":6},"end":{"line":42,"column":8}},"13":{"start":{"line":44,"column":4},"end":{"line":54,"column":5}},"14":{"start":{"line":45,"column":19},"end":{"line":45,"column":31}},"15":{"start":{"line":46,"column":6},"end":{"line":53,"column":7}},"16":{"start":{"line":47,"column":8},"end":{"line":47,"column":48}},"17":{"start":{"line":49,"column":8},"end":{"line":52,"column":9}},"18":{"start":{"line":55,"column":4},"end":{"line":74,"column":6}},"19":{"start":{"line":56,"column":56},"end":{"line":56,"column":73}},"20":{"start":{"line":65,"column":14},"end":{"line":69,"column":20}}},"fnMap":{"0":{"name":"(anonymous_0)","decl":{"start":{"line":10,"column":2},"end":{"line":10,"column":3}},"loc":{"start":{"line":10,"column":16},"end":{"line":13,"column":3}},"line":10},"1":{"name":"(anonymous_1)","decl":{"start":{"line":15,"column":2},"end":{"line":15,"column":3}},"loc":{"start":{"line":15,"column":22},"end":{"line":17,"column":3}},"line":15},"2":{"name":"(anonymous_2)","decl":{"start":{"line":19,"column":2},"end":{"line":19,"column":3}},"loc":{"start":{"line":19,"column":25},"end":{"line":21,"column":3}},"line":19},"3":{"name":"(anonymous_3)","decl":{"start":{"line":23,"column":2},"end":{"line":23,"column":3}},"loc":{"start":{"line":23,"column":21},"end":{"line":27,"column":3}},"line":23},"4":{"name":"(anonymous_4)","decl":{"start":{"line":29,"column":2},"end":{"line":29,"column":3}},"loc":{"start":{"line":29,"column":15},"end":{"line":32,"column":3}},"line":29},"5":{"name":"(anonymous_5)","decl":{"start":{"line":34,"column":2},"end":{"line":34,"column":3}},"loc":{"start":{"line":34,"column":11},"end":{"line":75,"column":3}},"line":34},"6":{"name":"(anonymous_6)","decl":{"start":{"line":56,"column":50},"end":{"line":56,"column":51}},"loc":{"start":{"line":56,"column":56},"end":{"line":56,"column":73}},"line":56},"7":{"name":"(anonymous_7)","decl":{"start":{"line":64,"column":39},"end":{"line":64,"column":40}},"loc":{"start":{"line":65,"column":14},"end":{"line":69,"column":20}},"line":65}},"branchMap":{"0":{"loc":{"start":{"line":24,"column":4},"end":{"line":26,"column":5}},"type":"if","locations":[{"start":{"line":24,"column":4},"end":{"line":26,"column":5}},{"start":{"line":24,"column":4},"end":{"line":26,"column":5}}],"line":24},"1":{"loc":{"start":{"line":40,"column":20},"end":{"line":40,"column":38}},"type":"binary-expr","locations":[{"start":{"line":40,"column":20},"end":{"line":40,"column":30}},{"start":{"line":40,"column":34},"end":{"line":40,"column":38}}],"line":40},"2":{"loc":{"start":{"line":46,"column":6},"end":{"line":53,"column":7}},"type":"if","locations":[{"start":{"line":46,"column":6},"end":{"line":53,"column":7}},{"start":{"line":46,"column":6},"end":{"line":53,"column":7}}],"line":46},"3":{"loc":{"start":{"line":51,"column":23},"end":{"line":51,"column":41}},"type":"binary-expr","locations":[{"start":{"line":51,"column":23},"end":{"line":51,"column":33}},{"start":{"line":51,"column":37},"end":{"line":51,"column":41}}],"line":51}},"s":{"0":0,"1":0,"2":0,"3":0,"4":0,"5":0,"6":0,"7":0,"8":0,"9":0,"10":0,"11":0,"12":0,"13":0,"14":0,"15":0,"16":0,"17":0,"18":0,"19":0,"20":0},"f":{"0":0,"1":0,"2":0,"3":0,"4":0,"5":0,"6":0,"7":0},"b":{"0":[0,0],"1":[0,0],"2":[0,0],"3":[0,0]},"_coverageSchema":"1a1c01bbd47fc00a2c39e90264f33305004495a9","hash":"7dc54ebacb5bff8b75da58e8cc7dce6af91126cc"}
,"/Users/maggieaytac/Documents/HACKREACTOR/project-catwalk/client/src/components/related/RelatedItemsAndComparison.jsx": {"path":"/Users/maggieaytac/Documents/HACKREACTOR/project-catwalk/client/src/components/related/RelatedItemsAndComparison.jsx","statementMap":{"0":{"start":{"line":15,"column":4},"end":{"line":15,"column":12}},"1":{"start":{"line":16,"column":4},"end":{"line":22,"column":6}},"2":{"start":{"line":23,"column":4},"end":{"line":23,"column":51}},"3":{"start":{"line":24,"column":4},"end":{"line":24,"column":61}},"4":{"start":{"line":25,"column":4},"end":{"line":25,"column":51}},"5":{"start":{"line":26,"column":4},"end":{"line":26,"column":69}},"6":{"start":{"line":27,"column":4},"end":{"line":27,"column":61}},"7":{"start":{"line":31,"column":38},"end":{"line":31,"column":48}},"8":{"start":{"line":32,"column":4},"end":{"line":36,"column":9}},"9":{"start":{"line":34,"column":8},"end":{"line":34,"column":42}},"10":{"start":{"line":35,"column":8},"end":{"line":35,"column":39}},"11":{"start":{"line":37,"column":4},"end":{"line":37,"column":37}},"12":{"start":{"line":38,"column":4},"end":{"line":38,"column":92}},"13":{"start":{"line":42,"column":38},"end":{"line":42,"column":48}},"14":{"start":{"line":43,"column":4},"end":{"line":47,"column":5}},"15":{"start":{"line":44,"column":6},"end":{"line":45,"column":69}},"16":{"start":{"line":45,"column":34},"end":{"line":45,"column":67}},"17":{"start":{"line":46,"column":6},"end":{"line":46,"column":39}},"18":{"start":{"line":48,"column":4},"end":{"line":50,"column":5}},"19":{"start":{"line":49,"column":6},"end":{"line":49,"column":37}},"20":{"start":{"line":54,"column":31},"end":{"line":54,"column":41}},"21":{"start":{"line":55,"column":4},"end":{"line":55,"column":43}},"22":{"start":{"line":56,"column":4},"end":{"line":56,"column":38}},"23":{"start":{"line":60,"column":17},"end":{"line":60,"column":37}},"24":{"start":{"line":61,"column":18},"end":{"line":62,"column":67}},"25":{"start":{"line":62,"column":6},"end":{"line":62,"column":62}},"26":{"start":{"line":63,"column":23},"end":{"line":64,"column":50}},"27":{"start":{"line":64,"column":6},"end":{"line":64,"column":45}},"28":{"start":{"line":65,"column":4},"end":{"line":65,"column":32}},"29":{"start":{"line":70,"column":4},"end":{"line":86,"column":40}},"30":{"start":{"line":71,"column":22},"end":{"line":71,"column":31}},"31":{"start":{"line":73,"column":8},"end":{"line":73,"column":23}},"32":{"start":{"line":74,"column":8},"end":{"line":84,"column":13}},"33":{"start":{"line":76,"column":12},"end":{"line":76,"column":52}},"34":{"start":{"line":77,"column":12},"end":{"line":77,"column":35}},"35":{"start":{"line":78,"column":12},"end":{"line":83,"column":17}},"36":{"start":{"line":80,"column":16},"end":{"line":80,"column":59}},"37":{"start":{"line":81,"column":16},"end":{"line":81,"column":88}},"38":{"start":{"line":82,"column":16},"end":{"line":82,"column":31}},"39":{"start":{"line":86,"column":22},"end":{"line":86,"column":38}},"40":{"start":{"line":90,"column":4},"end":{"line":99,"column":40}},"41":{"start":{"line":92,"column":22},"end":{"line":92,"column":45}},"42":{"start":{"line":93,"column":8},"end":{"line":93,"column":21}},"43":{"start":{"line":95,"column":23},"end":{"line":95,"column":83}},"44":{"start":{"line":95,"column":57},"end":{"line":95,"column":81}},"45":{"start":{"line":97,"column":8},"end":{"line":97,"column":40}},"46":{"start":{"line":99,"column":22},"end":{"line":99,"column":38}},"47":{"start":{"line":103,"column":31},"end":{"line":103,"column":41}},"48":{"start":{"line":104,"column":24},"end":{"line":104,"column":71}},"49":{"start":{"line":105,"column":16},"end":{"line":105,"column":50}},"50":{"start":{"line":105,"column":42},"end":{"line":105,"column":49}},"51":{"start":{"line":106,"column":4},"end":{"line":108,"column":5}},"52":{"start":{"line":107,"column":6},"end":{"line":107,"column":39}},"53":{"start":{"line":109,"column":4},"end":{"line":109,"column":69}},"54":{"start":{"line":110,"column":4},"end":{"line":110,"column":35}},"55":{"start":{"line":114,"column":28},"end":{"line":114,"column":38}},"56":{"start":{"line":115,"column":18},"end":{"line":115,"column":43}},"57":{"start":{"line":116,"column":4},"end":{"line":120,"column":5}},"58":{"start":{"line":117,"column":6},"end":{"line":117,"column":35}},"59":{"start":{"line":118,"column":6},"end":{"line":118,"column":37}},"60":{"start":{"line":119,"column":6},"end":{"line":119,"column":71}},"61":{"start":{"line":124,"column":24},"end":{"line":124,"column":34}},"62":{"start":{"line":125,"column":4},"end":{"line":125,"column":27}},"63":{"start":{"line":126,"column":4},"end":{"line":126,"column":33}},"64":{"start":{"line":127,"column":4},"end":{"line":129,"column":5}},"65":{"start":{"line":128,"column":6},"end":{"line":128,"column":41}},"66":{"start":{"line":133,"column":37},"end":{"line":133,"column":47}},"67":{"start":{"line":134,"column":4},"end":{"line":134,"column":36}},"68":{"start":{"line":135,"column":4},"end":{"line":135,"column":33}},"69":{"start":{"line":145,"column":8},"end":{"line":145,"column":18}},"70":{"start":{"line":146,"column":4},"end":{"line":180,"column":6}}},"fnMap":{"0":{"name":"(anonymous_0)","decl":{"start":{"line":14,"column":2},"end":{"line":14,"column":3}},"loc":{"start":{"line":14,"column":16},"end":{"line":28,"column":3}},"line":14},"1":{"name":"(anonymous_1)","decl":{"start":{"line":30,"column":2},"end":{"line":30,"column":3}},"loc":{"start":{"line":30,"column":22},"end":{"line":39,"column":3}},"line":30},"2":{"name":"(anonymous_2)","decl":{"start":{"line":33,"column":12},"end":{"line":33,"column":13}},"loc":{"start":{"line":33,"column":32},"end":{"line":36,"column":7}},"line":33},"3":{"name":"(anonymous_3)","decl":{"start":{"line":41,"column":2},"end":{"line":41,"column":3}},"loc":{"start":{"line":41,"column":32},"end":{"line":51,"column":3}},"line":41},"4":{"name":"(anonymous_4)","decl":{"start":{"line":45,"column":14},"end":{"line":45,"column":15}},"loc":{"start":{"line":45,"column":34},"end":{"line":45,"column":67}},"line":45},"5":{"name":"(anonymous_5)","decl":{"start":{"line":53,"column":2},"end":{"line":53,"column":3}},"loc":{"start":{"line":53,"column":28},"end":{"line":57,"column":3}},"line":53},"6":{"name":"(anonymous_6)","decl":{"start":{"line":59,"column":2},"end":{"line":59,"column":3}},"loc":{"start":{"line":59,"column":28},"end":{"line":66,"column":3}},"line":59},"7":{"name":"(anonymous_7)","decl":{"start":{"line":61,"column":30},"end":{"line":61,"column":31}},"loc":{"start":{"line":62,"column":6},"end":{"line":62,"column":62}},"line":62},"8":{"name":"(anonymous_8)","decl":{"start":{"line":63,"column":35},"end":{"line":63,"column":36}},"loc":{"start":{"line":64,"column":6},"end":{"line":64,"column":45}},"line":64},"9":{"name":"(anonymous_9)","decl":{"start":{"line":68,"column":2},"end":{"line":68,"column":3}},"loc":{"start":{"line":68,"column":25},"end":{"line":87,"column":3}},"line":68},"10":{"name":"(anonymous_10)","decl":{"start":{"line":71,"column":12},"end":{"line":71,"column":13}},"loc":{"start":{"line":71,"column":22},"end":{"line":71,"column":31}},"line":71},"11":{"name":"(anonymous_11)","decl":{"start":{"line":72,"column":12},"end":{"line":72,"column":13}},"loc":{"start":{"line":72,"column":22},"end":{"line":85,"column":7}},"line":72},"12":{"name":"(anonymous_12)","decl":{"start":{"line":75,"column":16},"end":{"line":75,"column":17}},"loc":{"start":{"line":75,"column":31},"end":{"line":84,"column":11}},"line":75},"13":{"name":"(anonymous_13)","decl":{"start":{"line":79,"column":20},"end":{"line":79,"column":21}},"loc":{"start":{"line":79,"column":37},"end":{"line":83,"column":15}},"line":79},"14":{"name":"(anonymous_14)","decl":{"start":{"line":86,"column":13},"end":{"line":86,"column":14}},"loc":{"start":{"line":86,"column":22},"end":{"line":86,"column":38}},"line":86},"15":{"name":"(anonymous_15)","decl":{"start":{"line":89,"column":2},"end":{"line":89,"column":3}},"loc":{"start":{"line":89,"column":30},"end":{"line":100,"column":3}},"line":89},"16":{"name":"(anonymous_16)","decl":{"start":{"line":91,"column":12},"end":{"line":91,"column":13}},"loc":{"start":{"line":91,"column":22},"end":{"line":94,"column":7}},"line":91},"17":{"name":"(anonymous_17)","decl":{"start":{"line":95,"column":12},"end":{"line":95,"column":13}},"loc":{"start":{"line":95,"column":23},"end":{"line":95,"column":83}},"line":95},"18":{"name":"(anonymous_18)","decl":{"start":{"line":95,"column":45},"end":{"line":95,"column":46}},"loc":{"start":{"line":95,"column":57},"end":{"line":95,"column":81}},"line":95},"19":{"name":"(anonymous_19)","decl":{"start":{"line":96,"column":12},"end":{"line":96,"column":13}},"loc":{"start":{"line":96,"column":30},"end":{"line":98,"column":7}},"line":96},"20":{"name":"(anonymous_20)","decl":{"start":{"line":99,"column":13},"end":{"line":99,"column":14}},"loc":{"start":{"line":99,"column":22},"end":{"line":99,"column":38}},"line":99},"21":{"name":"(anonymous_21)","decl":{"start":{"line":102,"column":2},"end":{"line":102,"column":3}},"loc":{"start":{"line":102,"column":16},"end":{"line":111,"column":3}},"line":102},"22":{"name":"(anonymous_22)","decl":{"start":{"line":105,"column":32},"end":{"line":105,"column":33}},"loc":{"start":{"line":105,"column":42},"end":{"line":105,"column":49}},"line":105},"23":{"name":"(anonymous_23)","decl":{"start":{"line":113,"column":2},"end":{"line":113,"column":3}},"loc":{"start":{"line":113,"column":25},"end":{"line":121,"column":3}},"line":113},"24":{"name":"(anonymous_24)","decl":{"start":{"line":123,"column":2},"end":{"line":123,"column":3}},"loc":{"start":{"line":123,"column":31},"end":{"line":130,"column":3}},"line":123},"25":{"name":"(anonymous_25)","decl":{"start":{"line":132,"column":2},"end":{"line":132,"column":3}},"loc":{"start":{"line":132,"column":34},"end":{"line":136,"column":3}},"line":132},"26":{"name":"(anonymous_26)","decl":{"start":{"line":138,"column":2},"end":{"line":138,"column":3}},"loc":{"start":{"line":138,"column":11},"end":{"line":181,"column":3}},"line":138}},"branchMap":{"0":{"loc":{"start":{"line":38,"column":44},"end":{"line":38,"column":87}},"type":"binary-expr","locations":[{"start":{"line":38,"column":44},"end":{"line":38,"column":79}},{"start":{"line":38,"column":83},"end":{"line":38,"column":87}}],"line":38},"1":{"loc":{"start":{"line":43,"column":4},"end":{"line":47,"column":5}},"type":"if","locations":[{"start":{"line":43,"column":4},"end":{"line":47,"column":5}},{"start":{"line":43,"column":4},"end":{"line":47,"column":5}}],"line":43},"2":{"loc":{"start":{"line":48,"column":4},"end":{"line":50,"column":5}},"type":"if","locations":[{"start":{"line":48,"column":4},"end":{"line":50,"column":5}},{"start":{"line":48,"column":4},"end":{"line":50,"column":5}}],"line":48},"3":{"loc":{"start":{"line":106,"column":4},"end":{"line":108,"column":5}},"type":"if","locations":[{"start":{"line":106,"column":4},"end":{"line":108,"column":5}},{"start":{"line":106,"column":4},"end":{"line":108,"column":5}}],"line":106},"4":{"loc":{"start":{"line":116,"column":4},"end":{"line":120,"column":5}},"type":"if","locations":[{"start":{"line":116,"column":4},"end":{"line":120,"column":5}},{"start":{"line":116,"column":4},"end":{"line":120,"column":5}}],"line":116},"5":{"loc":{"start":{"line":127,"column":4},"end":{"line":129,"column":5}},"type":"if","locations":[{"start":{"line":127,"column":4},"end":{"line":129,"column":5}},{"start":{"line":127,"column":4},"end":{"line":129,"column":5}}],"line":127},"6":{"loc":{"start":{"line":127,"column":8},"end":{"line":127,"column":36}},"type":"binary-expr","locations":[{"start":{"line":127,"column":8},"end":{"line":127,"column":17}},{"start":{"line":127,"column":21},"end":{"line":127,"column":36}}],"line":127},"7":{"loc":{"start":{"line":171,"column":10},"end":{"line":178,"column":18}},"type":"cond-expr","locations":[{"start":{"line":173,"column":12},"end":{"line":177,"column":14}},{"start":{"line":178,"column":14},"end":{"line":178,"column":18}}],"line":171}},"s":{"0":4,"1":4,"2":4,"3":4,"4":4,"5":4,"6":4,"7":4,"8":4,"9":0,"10":0,"11":4,"12":4,"13":4,"14":4,"15":0,"16":0,"17":0,"18":4,"19":0,"20":0,"21":0,"22":0,"23":0,"24":0,"25":0,"26":0,"27":0,"28":0,"29":4,"30":0,"31":0,"32":0,"33":0,"34":0,"35":0,"36":0,"37":0,"38":0,"39":0,"40":4,"41":0,"42":0,"43":0,"44":0,"45":0,"46":0,"47":0,"48":0,"49":0,"50":0,"51":0,"52":0,"53":0,"54":0,"55":0,"56":0,"57":0,"58":0,"59":0,"60":0,"61":0,"62":0,"63":0,"64":0,"65":0,"66":0,"67":0,"68":0,"69":8,"70":8},"f":{"0":4,"1":4,"2":0,"3":4,"4":0,"5":0,"6":0,"7":0,"8":0,"9":4,"10":0,"11":0,"12":0,"13":0,"14":0,"15":4,"16":0,"17":0,"18":0,"19":0,"20":0,"21":0,"22":0,"23":0,"24":0,"25":0,"26":8},"b":{"0":[4,4],"1":[0,4],"2":[0,4],"3":[0,0],"4":[0,0],"5":[0,0],"6":[0,0],"7":[0,8]},"_coverageSchema":"1a1c01bbd47fc00a2c39e90264f33305004495a9","hash":"917e3b3f8645f10591d07e7f05a3d04698c2c77f"}
[...]
line":43,"column":2},"end":{"line":45,"column":3}},"21":{"start":{"line":44,"column":4},"end":{"line":44,"column":16}},"22":{"start":{"line":46,"column":2},"end":{"line":46,"column":15}},"23":{"start":{"line":50,"column":2},"end":{"line":52,"column":3}},"24":{"start":{"line":51,"column":4},"end":{"line":51,"column":16}},"25":{"start":{"line":53,"column":2},"end":{"line":53,"column":15}},"26":{"start":{"line":57,"column":18},"end":{"line":57,"column":55}},"27":{"start":{"line":58,"column":24},"end":{"line":58,"column":51}},"28":{"start":{"line":59,"column":30},"end":{"line":59,"column":65}},"29":{"start":{"line":61,"column":2},"end":{"line":63,"column":3}},"30":{"start":{"line":62,"column":4},"end":{"line":62,"column":17}},"31":{"start":{"line":64,"column":2},"end":{"line":64,"column":14}},"32":{"start":{"line":68,"column":76},"end":{"line":68,"column":85}},"33":{"start":{"line":69,"column":26},"end":{"line":77,"column":3}},"34":{"start":{"line":78,"column":1},"end":{"line":78,"column":24}}},"fnMap":{"0":{"name":"createCharacteristicState","decl":{"start":{"line":1,"column":9},"end":{"line":1,"column":34}},"loc":{"start":{"line":1,"column":47},"end":{"line":12,"column":1}},"line":1},"1":{"name":"(anonymous_1)","decl":{"start":{"line":6,"column":19},"end":{"line":6,"column":20}},"loc":{"start":{"line":6,"column":30},"end":{"line":8,"column":5}},"line":6},"2":{"name":"verifyRating","decl":{"start":{"line":14,"column":16},"end":{"line":14,"column":28}},"loc":{"start":{"line":14,"column":37},"end":{"line":19,"column":1}},"line":14},"3":{"name":"verifyRecommendation","decl":{"start":{"line":21,"column":16},"end":{"line":21,"column":36}},"loc":{"start":{"line":21,"column":42},"end":{"line":26,"column":1}},"line":21},"4":{"name":"verifySummary","decl":{"start":{"line":28,"column":16},"end":{"line":28,"column":29}},"loc":{"start":{"line":28,"column":39},"end":{"line":33,"column":1}},"line":28},"5":{"name":"verifyReviewBody","decl":{"start":{"line":35,"column":16},"end":{"line":35,"column":32}},"loc":{"start":{"line":35,"column":39},"end":{"line":40,"column":1}},"line":35},"6":{"name":"verifyUsername","decl":{"start":{"line":42,"column":16},"end":{"line":42,"column":30}},"loc":{"start":{"line":42,"column":41},"end":{"line":47,"column":1}},"line":42},"7":{"name":"verifyEmail","decl":{"start":{"line":49,"column":16},"end":{"line":49,"column":27}},"loc":{"start":{"line":49,"column":35},"end":{"line":54,"column":1}},"line":49},"8":{"name":"verifyCharacteristics","decl":{"start":{"line":56,"column":16},"end":{"line":56,"column":37}},"loc":{"start":{"line":56,"column":67},"end":{"line":65,"column":1}},"line":56},"9":{"name":"formIsValidated","decl":{"start":{"line":67,"column":16},"end":{"line":67,"column":31}},"loc":{"start":{"line":67,"column":55},"end":{"line":79,"column":1}},"line":67}},"branchMap":{"0":{"loc":{"start":{"line":2,"column":2},"end":{"line":10,"column":3}},"type":"if","locations":[{"start":{"line":2,"column":2},"end":{"line":10,"column":3}},{"start":{"line":2,"column":2},"end":{"line":10,"column":3}}],"line":2},"1":{"loc":{"start":{"line":15,"column":2},"end":{"line":17,"column":3}},"type":"if","locations":[{"start":{"line":15,"column":2},"end":{"line":17,"column":3}},{"start":{"line":15,"column":2},"end":{"line":17,"column":3}}],"line":15},"2":{"loc":{"start":{"line":15,"column":6},"end":{"line":15,"column":62}},"type":"binary-expr","locations":[{"start":{"line":15,"column":6},"end":{"line":15,"column":32}},{"start":{"line":15,"column":36},"end":{"line":15,"column":47}},{"start":{"line":15,"column":51},"end":{"line":15,"column":62}}],"line":15},"3":{"loc":{"start":{"line":22,"column":2},"end":{"line":24,"column":3}},"type":"if","locations":[{"start":{"line":22,"column":2},"end":{"line":24,"column":3}},{"start":{"line":22,"column":2},"end":{"line":24,"column":3}}],"line":22},"4":{"loc":{"start":{"line":29,"column":2},"end":{"line":31,"column":3}},"type":"if","locations":[{"start":{"line":29,"column":2},"end":{"line":31,"column":3}},{"start":{"line":29,"column":2},"end":{"line":31,"column":3}}],"line":29},"5":{"loc":{"start":{"line":29,"column":6},"end":{"line":29,"column":79}},"type":"binary-expr","locations":[{"start":{"line":29,"column":6},"end":{"line":29,"column":33}},{"start":{"line":29,"column":37},"end":{"line":29,"column":57}},{"start":{"line":29,"column":61},"end":{"line":29,"column":79}}],"line":29},"6":{"loc":{"start":{"line":36,"column":2},"end":{"line":38,"column":3}},"type":"if","locations":[{"start":{"line":36,"column":2},"end":{"line":38,"column":3}},{"start":{"line":36,"column":2},"end":{"line":38,"column":3}}],"line":36},"7":{"loc":{"start":{"line":36,"column":6},"end":{"line":36,"column":74}},"type":"binary-expr","locations":[{"start":{"line":36,"column":6},"end":{"line":36,"column":30}},{"start":{"line":36,"column":34},"end":{"line":36,"column":51}},{"start":{"line":36,"column":55},"end":{"line":36,"column":74}}],"line":36},"8":{"loc":{"start":{"line":43,"column":2},"end":{"line":45,"column":3}},"type":"if","locations":[{"start":{"line":43,"column":2},"end":{"line":45,"column":3}},{"start":{"line":43,"column":2},"end":{"line":45,"column":3}}],"line":43},"9":{"loc":{"start":{"line":43,"column":6},"end":{"line":43,"column":82}},"type":"binary-expr","locations":[{"start":{"line":43,"column":6},"end":{"line":43,"column":34}},{"start":{"line":43,"column":38},"end":{"line":43,"column":59}},{"start":{"line":43,"column":63},"end":{"line":43,"column":82}}],"line":43},"10":{"loc":{"start":{"line":50,"column":2},"end":{"line":52,"column":3}},"type":"if","locations":[{"start":{"line":50,"column":2},"end":{"line":52,"column":3}},{"start":{"line":50,"column":2},"end":{"line":52,"column":3}}],"line":50},"11":{"loc":{"start":{"line":50,"column":6},"end":{"line":50,"column":73}},"type":"binary-expr","locations":[{"start":{"line":50,"column":6},"end":{"line":50,"column":31}},{"start":{"line":50,"column":35},"end":{"line":50,"column":53}},{"start":{"line":50,"column":57},"end":{"line":50,"column":73}}],"line":50},"12":{"loc":{"start":{"line":61,"column":2},"end":{"line":63,"column":3}},"type":"if","locations":[{"start":{"line":61,"column":2},"end":{"line":63,"column":3}},{"start":{"line":61,"column":2},"end":{"line":63,"column":3}}],"line":61}},"s":{"0":2,"1":2,"2":2,"3":2,"4":2,"5":8,"6":2,"7":0,"8":2,"9":0,"10":2,"11":2,"12":1,"13":1,"14":2,"15":0,"16":2,"17":2,"18":0,"19":2,"20":2,"21":0,"22":2,"23":2,"24":0,"25":2,"26":2,"27":2,"28":2,"29":2,"30":2,"31":0,"32":2,"33":2,"34":2},"f":{"0":2,"1":8,"2":2,"3":2,"4":2,"5":2,"6":2,"7":2,"8":2,"9":2},"b":{"0":[2,0],"1":[0,2],"2":[2,0,0],"3":[1,1],"4":[0,2],"5":[2,2,2],"6":[0,2],"7":[2,2,0],"8":[0,2],"9":[2,2,2],"10":[0,2],"11":[2,2,2],"12":[2,0]},"_coverageSchema":"1a1c01bbd47fc00a2c39e90264f33305004495a9","hash":"c43386c8ea18a58115d2148cdfc7c8590ad6a7da"}
,"/Users/maggieaytac/Documents/HACKREACTOR/project-catwalk/client/src/components/reviews/utils/rating.js": {"path":"/Users/maggieaytac/Documents/HACKREACTOR/project-catwalk/client/src/components/reviews/utils/rating.js","statementMap":{"0":{"start":{"line":2,"column":18},"end":{"line":2,"column":41}},"1":{"start":{"line":3,"column":14},"end":{"line":3,"column":15}},"2":{"start":{"line":4,"column":21},"end":{"line":4,"column":22}},"3":{"start":{"line":5,"column":2},"end":{"line":8,"column":3}},"4":{"start":{"line":5,"column":15},"end":{"line":5,"column":16}},"5":{"start":{"line":6,"column":4},"end":{"line":6,"column":63}},"6":{"start":{"line":7,"column":4},"end":{"line":7,"column":43}},"7":{"start":{"line":9,"column":18},"end":{"line":9,"column":61}},"8":{"start":{"line":10,"column":2},"end":{"line":10,"column":17}},"9":{"start":{"line":14,"column":22},"end":{"line":14,"column":32}},"10":{"start":{"line":15,"column":23},"end":{"line":15,"column":45}},"11":{"start":{"line":16,"column":26},"end":{"line":16,"column":27}},"12":{"start":{"line":17,"column":2},"end":{"line":19,"column":5}},"13":{"start":{"line":18,"column":4},"end":{"line":18,"column":41}},"14":{"start":{"line":20,"column":29},"end":{"line":20,"column":95}},"15":{"start":{"line":21,"column":2},"end":{"line":25,"column":3}},"16":{"start":{"line":22,"column":4},"end":{"line":22,"column":13}},"17":{"start":{"line":24,"column":4},"end":{"line":24,"column":30}},"18":{"start":{"line":30,"column":13},"end":{"line":30,"column":18}},"19":{"start":{"line":31,"column":13},"end":{"line":31,"column":18}},"20":{"start":{"line":32,"column":13},"end":{"line":32,"column":18}},"21":{"start":{"line":33,"column":19},"end":{"line":33,"column":23}},"22":{"start":{"line":35,"column":2},"end":{"line":59,"column":3}},"23":{"start":{"line":36,"column":4},"end":{"line":36,"column":16}},"24":{"start":{"line":37,"column":9},"end":{"line":59,"column":3}},"25":{"start":{"line":38,"column":4},"end":{"line":38,"column":16}},"26":{"start":{"line":39,"column":4},"end":{"line":39,"column":23}},"27":{"start":{"line":40,"column":9},"end":{"line":59,"column":3}},"28":{"start":{"line":41,"column":4},"end":{"line":41,"column":16}},"29":{"start":{"line":42,"column":4},"end":{"line":42,"column":23}},"30":{"start":{"line":43,"column":9},"end":{"line":59,"column":3}},"31":{"start":{"line":44,"column":4},"end":{"line":44,"column":16}},"32":{"start":{"line":45,"column":9},"end":{"line":59,"column":3}},"33":{"start":{"line":46,"column":4},"end":{"line":46,"column":16}},"34":{"start":{"line":47,"column":4},"end":{"line":47,"column":23}},"35":{"start":{"line":48,"column":9},"end":{"line":59,"column":3}},"36":{"start":{"line":49,"column":4},"end":{"line":49,"column":16}},"37":{"start":{"line":50,"column":4},"end":{"line":50,"column":23}},"38":{"start":{"line":51,"column":9},"end":{"line":59,"column":3}},"39":{"start":{"line":52,"column":4},"end":{"line":52,"column":16}},"40":{"start":{"line":53,"column":9},"end":{"line":59,"column":3}},"41":{"start":{"line":54,"column":4},"end":{"line":54,"column":16}},"42":{"start":{"line":55,"column":4},"end":{"line":55,"column":23}},"43":{"start":{"line":56,"column":9},"end":{"line":59,"column":3}},"44":{"start":{"line":57,"column":4},"end":{"line":57,"column":16}},"45":{"start":{"line":58,"column":4},"end":{"line":58,"column":23}},"46":{"start":{"line":61,"column":15},"end":{"line":66,"column":3}},"47":{"start":{"line":68,"column":2},"end":{"line":68,"column":14}},"48":{"start":{"line":72,"column":2},"end":{"line":74,"column":3}},"49":{"start":{"line":73,"column":4},"end":{"line":73,"column":19}},"50":{"start":{"line":75,"column":2},"end":{"line":77,"column":3}},"51":{"start":{"line":76,"column":4},"end":{"line":76,"column":18}},"52":{"start":{"line":78,"column":2},"end":{"line":78,"column":52}},"53":{"start":{"line":82,"column":2},"end":{"line":84,"column":3}},"54":{"start":{"line":83,"column":4},"end":{"line":83,"column":19}},"55":{"start":{"line":85,"column":2},"end":{"line":87,"column":3}},"56":{"start":{"line":86,"column":4},"end":{"line":86,"column":18}},"57":{"start":{"line":88,"column":16},"end":{"line":88,"column":58}},"58":{"start":{"line":89,"column":26},"end":{"line":89,"column":61}},"59":{"start":{"line":90,"column":2},"end":{"line":90,"column":36}},"60":{"start":{"line":94,"column":2},"end":{"line":96,"column":3}},"61":{"start":{"line":95,"column":4},"end":{"line":95,"column":13}},"62":{"start":{"line":97,"column":17},"end":{"line":100,"column":3}},"63":{"start":{"line":103,"column":2},"end":{"line":107,"column":3}},"64":{"start":{"line":104,"column":4},"end":{"line":104,"column":19}},"65":{"start":{"line":106,"column":4},"end":{"line":106,"column":19}},"66":{"start":{"line":109,"column":2},"end":{"line":123,"column":3}},"67":{"start":{"line":110,"column":4},"end":{"line":115,"column":5}},"68":{"start":{"line":111,"column":6},"end":{"line":111,"column":30}},"69":{"start":{"line":112,"column":6},"end":{"line":112,"column":35}},"70":{"start":{"line":114,"column":6},"end":{"line":114,"column":30}},"71":{"start":{"line":117,"column":4},"end":{"line":122,"column":5}},"72":{"start":{"line":118,"column":6},"end":{"line":118,"column":30}},"73":{"start":{"line":119,"column":6},"end":{"line":119,"column":35}},"74":{"start":{"line":121,"column":6},"end":{"line":121,"column":30}},"75":{"start":{"line":125,"column":2},"end":{"line":125,"column":16}}},"fnMap":{"0":{"name":"calculateAverageRating","decl":{"start":{"line":1,"column":16},"end":{"line":1,"column":38}},"loc":{"start":{"line":1,"column":48},"end":{"line":11,"column":1}},"line":1},"1":{"name":"calculatePercentageOfRating","decl":{"start":{"line":13,"column":16},"end":{"line":13,"column":43}},"loc":{"start":{"line":13,"column":64},"end":{"line":27,"column":1}},"line":13},"2":{"name":"(anonymous_2)","decl":{"start":{"line":17,"column":23},"end":{"line":17,"column":24}},"loc":{"start":{"line":17,"column":34},"end":{"line":19,"column":3}},"line":17},"3":{"name":"calculateCharacteristicBreakdown","decl":{"start":{"line":29,"column":16},"end":{"line":29,"column":48}},"loc":{"start":{"line":29,"column":56},"end":{"line":69,"column":1}},"line":29},"4":{"name":"getTotalReviews","decl":{"start":{"line":71,"column":16},"end":{"line":71,"column":31}},"loc":{"start":{"line":71,"column":55},"end":{"line":79,"column":1}},"line":71},"5":{"name":"getNumOfRecommendation","decl":{"start":{"line":81,"column":16},"end":{"line":81,"column":38}},"loc":{"start":{"line":81,"column":62},"end":{"line":91,"column":1}},"line":81},"6":{"name":"determineNumReviewsToLoad","decl":{"start":{"line":93,"column":16},"end":{"line":93,"column":41}},"loc":{"start":{"line":93,"column":69},"end":{"line":126,"column":1}},"line":93}},"branchMap":{"0":{"loc":{"start":{"line":21,"column":2},"end":{"line":25,"column":3}},"type":"if","locations":[{"start":{"line":21,"column":2},"end":{"line":25,"column":3}},{"start":{"line":21,"column":2},"end":{"line":25,"column":3}}],"line":21},"1":{"loc":{"start":{"line":35,"column":2},"end":{"line":59,"column":3}},"type":"if","locations":[{"start":{"line":35,"column":2},"end":{"line":59,"column":3}},{"start":{"line":35,"column":2},"end":{"line":59,"column":3}}],"line":35},"2":{"loc":{"start":{"line":37,"column":9},"end":{"line":59,"column":3}},"type":"if","locations":[{"start":{"line":37,"column":9},"end":{"line":59,"column":3}},{"start":{"line":37,"column":9},"end":{"line":59,"column":3}}],"line":37},"3":{"loc":{"start":{"line":40,"column":9},"end":{"line":59,"column":3}},"type":"if","locations":[{"start":{"line":40,"column":9},"end":{"line":59,"column":3}},{"start":{"line":40,"column":9},"end":{"line":59,"column":3}}],"line":40},"4":{"loc":{"start":{"line":40,"column":13},"end":{"line":40,"column":64}},"type":"binary-expr","locations":[{"start":{"line":40,"column":13},"end":{"line":40,"column":36}},{"start":{"line":40,"column":40},"end":{"line":40,"column":64}}],"line":40},"5":{"loc":{"start":{"line":43,"column":9},"end":{"line":59,"column":3}},"type":"if","locations":[{"start":{"line":43,"column":9},"end":{"line":59,"column":3}},{"start":{"line":43,"column":9},"end":{"line":59,"column":3}}],"line":43},"6":{"loc":{"start":{"line":45,"column":9},"end":{"line":59,"column":3}},"type":"if","locations":[{"start":{"line":45,"column":9},"end":{"line":59,"column":3}},{"start":{"line":45,"column":9},"end":{"line":59,"column":3}}],"line":45},"7":{"loc":{"start":{"line":48,"column":9},"end":{"line":59,"column":3}},"type":"if","locations":[{"start":{"line":48,"column":9},"end":{"line":59,"column":3}},{"start":{"line":48,"column":9},"end":{"line":59,"column":3}}],"line":48},"8":{"loc":{"start":{"line":48,"column":13},"end":{"line":48,"column":61}},"type":"binary-expr","locations":[{"start":{"line":48,"column":13},"end":{"line":48,"column":36}},{"start":{"line":48,"column":40},"end":{"line":48,"column":61}}],"line":48},"9":{"loc":{"start":{"line":51,"column":9},"end":{"line":59,"column":3}},"type":"if","locations":[{"start":{"line":51,"column":9},"end":{"line":59,"column":3}},{"start":{"line":51,"column":9},"end":{"line":59,"column":3}}],"line":51},"10":{"loc":{"start":{"line":53,"column":9},"end":{"line":59,"column":3}},"type":"if","locations":[{"start":{"line":53,"column":9},"end":{"line":59,"column":3}},{"start":{"line":53,"column":9},"end":{"line":59,"column":3}}],"line":53},"11":{"loc":{"start":{"line":56,"column":9},"end":{"line":59,"column":3}},"type":"if","locations":[{"start":{"line":56,"column":9},"end":{"line":59,"column":3}},{"start":{"line":56,"column":9},"end":{"line":59,"column":3}}],"line":56},"12":{"loc":{"start":{"line":56,"column":13},"end":{"line":56,"column":62}},"type":"binary-expr","locations":[{"start":{"line":56,"column":13},"end":{"line":56,"column":36}},{"start":{"line":56,"column":40},"end":{"line":56,"column":62}}],"line":56},"13":{"loc":{"start":{"line":72,"column":2},"end":{"line":74,"column":3}},"type":"if","locations":[{"start":{"line":72,"column":2},"end":{"line":74,"column":3}},{"start":{"line":72,"column":2},"end":{"line":74,"column":3}}],"line":72},"14":{"loc":{"start":{"line":75,"column":2},"end":{"line":77,"column":3}},"type":"if","locations":[{"start":{"line":75,"column":2},"end":{"line":77,"column":3}},{"start":{"line":75,"column":2},"end":{"line":77,"column":3}}],"line":75},"15":{"loc":{"start":{"line":82,"column":2},"end":{"line":84,"column":3}},"type":"if","locations":[{"start":{"line":82,"column":2},"end":{"line":84,"column":3}},{"start":{"line":82,"column":2},"end":{"line":84,"column":3}}],"line":82},"16":{"loc":{"start":{"line":85,"column":2},"end":{"line":87,"column":3}},"type":"if","locations":[{"start":{"line":85,"column":2},"end":{"line":87,"column":3}},{"start":{"line":85,"column":2},"end":{"line":87,"column":3}}],"line":85},"17":{"loc":{"start":{"line":94,"column":2},"end":{"line":96,"column":3}},"type":"if","locations":[{"start":{"line":94,"column":2},"end":{"line":96,"column":3}},{"start":{"line":94,"column":2},"end":{"line":96,"column":3}}],"line":94},"18":{"loc":{"start":{"line":103,"column":2},"end":{"line":107,"column":3}},"type":"if","locations":[{"start":{"line":103,"column":2},"end":{"line":107,"column":3}},{"start":{"line":103,"column":2},"end":{"line":107,"column":3}}],"line":103},"19":{"loc":{"start":{"line":109,"column":2},"end":{"line":123,"column":3}},"type":"if","locations":[{"start":{"line":109,"column":2},"end":{"line":123,"column":3}},{"start":{"line":109,"column":2},"end":{"line":123,"column":3}}],"line":109},"20":{"loc":{"start":{"line":110,"column":4},"end":{"line":115,"column":5}},"type":"if","locations":[{"start":{"line":110,"column":4},"end":{"line":115,"column":5}},{"start":{"line":110,"column":4},"end":{"line":115,"column":5}}],"line":110},"21":{"loc":{"start":{"line":110,"column":8},"end":{"line":110,"column":87}},"type":"binary-expr","locations":[{"start":{"line":110,"column":8},"end":{"line":110,"column":49}},{"start":{"line":110,"column":54},"end":{"line":110,"column":86}}],"line":110},"22":{"loc":{"start":{"line":117,"column":4},"end":{"line":122,"column":5}},"type":"if","locations":[{"start":{"line":117,"column":4},"end":{"line":122,"column":5}},{"start":{"line":117,"column":4},"end":{"line":122,"column":5}}],"line":117}},"s":{"0":1,"1":1,"2":1,"3":1,"4":1,"5":4,"6":4,"7":1,"8":1,"9":1,"10":1,"11":1,"12":1,"13":2,"14":1,"15":1,"16":0,"17":1,"18":1,"19":1,"20":1,"21":1,"22":1,"23":0,"24":1,"25":0,"26":0,"27":1,"28":0,"29":0,"30":1,"31":0,"32":1,"33":1,"34":1,"35":0,"36":0,"37":0,"38":0,"39":0,"40":0,"41":0,"42":0,"43":0,"44":0,"45":0,"46":1,"47":1,"48":1,"49":0,"50":1,"51":0,"52":1,"53":1,"54":0,"55":1,"56":0,"57":1,"58":1,"59":1,"60":3,"61":0,"62":3,"63":3,"64":2,"65":1,"66":3,"67":1,"68":1,"69":1,"70":0,"71":2,"72":1,"73":1,"74":1,"75":3},"f":{"0":1,"1":1,"2":2,"3":1,"4":1,"5":1,"6":3},"b":{"0":[0,1],"1":[0,1],"2":[0,1],"3":[0,1],"4":[1,1],"5":[0,1],"6":[1,0],"7":[0,0],"8":[0,0],"9":[0,0],"10":[0,0],"11":[0,0],"12":[0,0],"13":[0,1],"14":[0,1],"15":[0,1],"16":[0,1],"17":[0,3],"18":[2,1],"19":[1,2],"20":[1,0],"21":[1,0],"22":[1,1]},"_coverageSchema":"1a1c01bbd47fc00a2c39e90264f33305004495a9","hash":"8d43a9afcfa103c97012fe4dbe45b40187adec19"}
}
